18-Nov-2021 12:08:42.127 INFO [main] org.apache.catalina.core.AprLifecycleListener.lifecycleEvent The Apache Tomcat Native library which allows using OpenSSL was not found on the java.library.path: [/usr/java/packages/lib/amd64:/usr/lib64:/lib64:/lib:/usr/lib]
18-Nov-2021 12:08:44.140 INFO [main] org.apache.coyote.AbstractProtocol.init Initializing ProtocolHandler ["http-nio-8080"]
18-Nov-2021 12:08:44.193 INFO [main] org.apache.catalina.startup.Catalina.load Server initialization in [2296] milliseconds
18-Nov-2021 12:08:44.270 INFO [main] org.apache.catalina.core.StandardService.startInternal Starting service [Catalina]
18-Nov-2021 12:08:44.271 INFO [main] org.apache.catalina.core.StandardEngine.startInternal Starting Servlet engine: [Apache Tomcat/9.0.40]
18-Nov-2021 12:08:44.293 INFO [main] org.apache.catalina.startup.HostConfig.deployDirectory Установка веб приложения в папку [/home/user/kstreams-testing-pitfalls-master/untitled5/untitled/velo3/deploy/tomcat/webapps/app-portal]
18-Nov-2021 12:08:44.371 WARNING [main] org.apache.tomcat.util.digester.SetPropertiesRule.begin Match [Context/Manager] failed to set property [debug] to [0]
18-Nov-2021 12:08:44.372 WARNING [main] org.apache.tomcat.util.digester.SetPropertiesRule.begin Match [Context/Manager] failed to set property [distributable] to [false]
18-Nov-2021 12:08:58.006 INFO [main] org.apache.catalina.startup.HostConfig.deployDirectory Deployment of web application directory [/home/user/kstreams-testing-pitfalls-master/untitled5/untitled/velo3/deploy/tomcat/webapps/app-portal] has finished in [13 711] ms
18-Nov-2021 12:08:58.006 INFO [main] org.apache.catalina.startup.HostConfig.deployDirectory Установка веб приложения в папку [/home/user/kstreams-testing-pitfalls-master/untitled5/untitled/velo3/deploy/tomcat/webapps/app-core]
18-Nov-2021 12:08:58.010 WARNING [main] org.apache.tomcat.util.digester.SetPropertiesRule.begin Match [Context/Manager] failed to set property [debug] to [0]
18-Nov-2021 12:08:58.012 WARNING [main] org.apache.tomcat.util.digester.SetPropertiesRule.begin Match [Context/Manager] failed to set property [distributable] to [false]
18-Nov-2021 12:09:45.063 INFO [main] org.apache.catalina.startup.HostConfig.deployDirectory Deployment of web application directory [/home/user/kstreams-testing-pitfalls-master/untitled5/untitled/velo3/deploy/tomcat/webapps/app-core] has finished in [47 056] ms
18-Nov-2021 12:09:45.102 INFO [main] org.apache.catalina.startup.HostConfig.deployDirectory Установка веб приложения в папку [/home/user/kstreams-testing-pitfalls-master/untitled5/untitled/velo3/deploy/tomcat/webapps/app]
18-Nov-2021 12:09:45.239 WARNING [main] org.apache.tomcat.util.digester.SetPropertiesRule.begin Match [Context/Manager] failed to set property [debug] to [0]
18-Nov-2021 12:09:45.240 WARNING [main] org.apache.tomcat.util.digester.SetPropertiesRule.begin Match [Context/Manager] failed to set property [distributable] to [false]
18-Nov-2021 12:10:04.080 INFO [main] org.apache.catalina.startup.HostConfig.deployDirectory Deployment of web application directory [/home/user/kstreams-testing-pitfalls-master/untitled5/untitled/velo3/deploy/tomcat/webapps/app] has finished in [18 978] ms
18-Nov-2021 12:10:04.081 INFO [main] org.apache.catalina.startup.HostConfig.deployDirectory Установка веб приложения в папку [/home/user/kstreams-testing-pitfalls-master/untitled5/untitled/velo3/deploy/tomcat/webapps/ROOT]
18-Nov-2021 12:10:05.142 INFO [main] org.apache.catalina.startup.HostConfig.deployDirectory Deployment of web application directory [/home/user/kstreams-testing-pitfalls-master/untitled5/untitled/velo3/deploy/tomcat/webapps/ROOT] has finished in [1 060] ms
18-Nov-2021 12:10:05.142 INFO [main] org.apache.catalina.startup.HostConfig.deployDirectory Установка веб приложения в папку [/home/user/kstreams-testing-pitfalls-master/untitled5/untitled/velo3/deploy/tomcat/webapps/app-mobile-rest]
18-Nov-2021 12:10:14.033 INFO [main] org.apache.catalina.startup.HostConfig.deployDirectory Deployment of web application directory [/home/user/kstreams-testing-pitfalls-master/untitled5/untitled/velo3/deploy/tomcat/webapps/app-mobile-rest] has finished in [8 891] ms
18-Nov-2021 12:10:14.090 INFO [main] org.apache.coyote.AbstractProtocol.start Starting ProtocolHandler ["http-nio-8080"]
18-Nov-2021 12:10:15.994 INFO [main] org.apache.catalina.startup.Catalina.start Server startup in [91800] milliseconds
18-Nov-2021 12:13:06.048 INFO [main] org.apache.catalina.core.AprLifecycleListener.lifecycleEvent The Apache Tomcat Native library which allows using OpenSSL was not found on the java.library.path: [/usr/java/packages/lib/amd64:/usr/lib64:/lib64:/lib:/usr/lib]
18-Nov-2021 12:13:06.741 INFO [main] org.apache.coyote.AbstractProtocol.init Initializing ProtocolHandler ["http-nio-8080"]
18-Nov-2021 12:13:06.812 INFO [main] org.apache.catalina.startup.Catalina.load Server initialization in [1128] milliseconds
18-Nov-2021 12:13:06.880 INFO [main] org.apache.catalina.core.StandardService.startInternal Starting service [Catalina]
18-Nov-2021 12:13:06.881 INFO [main] org.apache.catalina.core.StandardEngine.startInternal Starting Servlet engine: [Apache Tomcat/9.0.40]
18-Nov-2021 12:13:06.905 INFO [main] org.apache.catalina.startup.HostConfig.deployDirectory Установка веб приложения в папку [/home/user/kstreams-testing-pitfalls-master/untitled5/untitled/velo3/deploy/tomcat/webapps/app-portal]
18-Nov-2021 12:13:06.944 WARNING [main] org.apache.tomcat.util.digester.SetPropertiesRule.begin Match [Context/Manager] failed to set property [debug] to [0]
18-Nov-2021 12:13:06.945 WARNING [main] org.apache.tomcat.util.digester.SetPropertiesRule.begin Match [Context/Manager] failed to set property [distributable] to [false]
18-Nov-2021 12:13:20.049 INFO [main] org.apache.catalina.startup.HostConfig.deployDirectory Deployment of web application directory [/home/user/kstreams-testing-pitfalls-master/untitled5/untitled/velo3/deploy/tomcat/webapps/app-portal] has finished in [13 144] ms
18-Nov-2021 12:13:20.050 INFO [main] org.apache.catalina.startup.HostConfig.deployDirectory Установка веб приложения в папку [/home/user/kstreams-testing-pitfalls-master/untitled5/untitled/velo3/deploy/tomcat/webapps/app-core]
18-Nov-2021 12:13:20.053 WARNING [main] org.apache.tomcat.util.digester.SetPropertiesRule.begin Match [Context/Manager] failed to set property [debug] to [0]
18-Nov-2021 12:13:20.054 WARNING [main] org.apache.tomcat.util.digester.SetPropertiesRule.begin Match [Context/Manager] failed to set property [distributable] to [false]
18-Nov-2021 12:13:43.573 INFO [main] org.apache.catalina.startup.HostConfig.deployDirectory Deployment of web application directory [/home/user/kstreams-testing-pitfalls-master/untitled5/untitled/velo3/deploy/tomcat/webapps/app-core] has finished in [23 523] ms
18-Nov-2021 12:13:43.574 INFO [main] org.apache.catalina.startup.HostConfig.deployDirectory Установка веб приложения в папку [/home/user/kstreams-testing-pitfalls-master/untitled5/untitled/velo3/deploy/tomcat/webapps/app]
18-Nov-2021 12:13:43.577 WARNING [main] org.apache.tomcat.util.digester.SetPropertiesRule.begin Match [Context/Manager] failed to set property [debug] to [0]
18-Nov-2021 12:13:43.577 WARNING [main] org.apache.tomcat.util.digester.SetPropertiesRule.begin Match [Context/Manager] failed to set property [distributable] to [false]
18-Nov-2021 12:13:51.890 INFO [main] org.apache.catalina.startup.HostConfig.deployDirectory Deployment of web application directory [/home/user/kstreams-testing-pitfalls-master/untitled5/untitled/velo3/deploy/tomcat/webapps/app] has finished in [8 315] ms
18-Nov-2021 12:13:51.890 INFO [main] org.apache.catalina.startup.HostConfig.deployDirectory Установка веб приложения в папку [/home/user/kstreams-testing-pitfalls-master/untitled5/untitled/velo3/deploy/tomcat/webapps/ROOT]
18-Nov-2021 12:13:51.918 INFO [main] org.apache.catalina.startup.HostConfig.deployDirectory Deployment of web application directory [/home/user/kstreams-testing-pitfalls-master/untitled5/untitled/velo3/deploy/tomcat/webapps/ROOT] has finished in [28] ms
18-Nov-2021 12:13:51.918 INFO [main] org.apache.catalina.startup.HostConfig.deployDirectory Установка веб приложения в папку [/home/user/kstreams-testing-pitfalls-master/untitled5/untitled/velo3/deploy/tomcat/webapps/app-mobile-rest]
18-Nov-2021 12:13:54.112 INFO [main] org.apache.catalina.startup.HostConfig.deployDirectory Deployment of web application directory [/home/user/kstreams-testing-pitfalls-master/untitled5/untitled/velo3/deploy/tomcat/webapps/app-mobile-rest] has finished in [2 194] ms
18-Nov-2021 12:13:54.119 INFO [main] org.apache.coyote.AbstractProtocol.start Starting ProtocolHandler ["http-nio-8080"]
18-Nov-2021 12:13:54.147 INFO [main] org.apache.catalina.startup.Catalina.start Server startup in [47334] milliseconds
18-Nov-2021 12:42:55.786 INFO [main] org.apache.catalina.core.AprLifecycleListener.lifecycleEvent The Apache Tomcat Native library which allows using OpenSSL was not found on the java.library.path: [/usr/java/packages/lib/amd64:/usr/lib64:/lib64:/lib:/usr/lib]
18-Nov-2021 12:42:57.874 INFO [main] org.apache.coyote.AbstractProtocol.init Initializing ProtocolHandler ["http-nio-8080"]
18-Nov-2021 12:42:57.952 INFO [main] org.apache.catalina.startup.Catalina.load Server initialization in [2481] milliseconds
18-Nov-2021 12:42:58.030 INFO [main] org.apache.catalina.core.StandardService.startInternal Starting service [Catalina]
18-Nov-2021 12:42:58.031 INFO [main] org.apache.catalina.core.StandardEngine.startInternal Starting Servlet engine: [Apache Tomcat/9.0.40]
18-Nov-2021 12:42:58.053 INFO [main] org.apache.catalina.startup.HostConfig.deployDirectory Установка веб приложения в папку [/home/user/kstreams-testing-pitfalls-master/untitled5/untitled/velo3/deploy/tomcat/webapps/app-portal]
18-Nov-2021 12:42:58.116 WARNING [main] org.apache.tomcat.util.digester.SetPropertiesRule.begin Match [Context/Manager] failed to set property [debug] to [0]
18-Nov-2021 12:42:58.117 WARNING [main] org.apache.tomcat.util.digester.SetPropertiesRule.begin Match [Context/Manager] failed to set property [distributable] to [false]
18-Nov-2021 12:43:12.046 INFO [main] org.apache.catalina.startup.HostConfig.deployDirectory Deployment of web application directory [/home/user/kstreams-testing-pitfalls-master/untitled5/untitled/velo3/deploy/tomcat/webapps/app-portal] has finished in [13 977] ms
18-Nov-2021 12:43:12.048 INFO [main] org.apache.catalina.startup.HostConfig.deployDirectory Установка веб приложения в папку [/home/user/kstreams-testing-pitfalls-master/untitled5/untitled/velo3/deploy/tomcat/webapps/app-core]
18-Nov-2021 12:43:12.051 WARNING [main] org.apache.tomcat.util.digester.SetPropertiesRule.begin Match [Context/Manager] failed to set property [debug] to [0]
18-Nov-2021 12:43:12.052 WARNING [main] org.apache.tomcat.util.digester.SetPropertiesRule.begin Match [Context/Manager] failed to set property [distributable] to [false]
18-Nov-2021 12:43:38.500 INFO [main] org.apache.catalina.startup.HostConfig.deployDirectory Deployment of web application directory [/home/user/kstreams-testing-pitfalls-master/untitled5/untitled/velo3/deploy/tomcat/webapps/app-core] has finished in [26 452] ms
18-Nov-2021 12:43:38.532 INFO [main] org.apache.catalina.startup.HostConfig.deployDirectory Установка веб приложения в папку [/home/user/kstreams-testing-pitfalls-master/untitled5/untitled/velo3/deploy/tomcat/webapps/app]
18-Nov-2021 12:43:38.584 WARNING [main] org.apache.tomcat.util.digester.SetPropertiesRule.begin Match [Context/Manager] failed to set property [debug] to [0]
18-Nov-2021 12:43:38.585 WARNING [main] org.apache.tomcat.util.digester.SetPropertiesRule.begin Match [Context/Manager] failed to set property [distributable] to [false]
18-Nov-2021 12:43:51.594 INFO [main] org.apache.catalina.startup.HostConfig.deployDirectory Deployment of web application directory [/home/user/kstreams-testing-pitfalls-master/untitled5/untitled/velo3/deploy/tomcat/webapps/app] has finished in [13 062] ms
18-Nov-2021 12:43:51.595 INFO [main] org.apache.catalina.startup.HostConfig.deployDirectory Установка веб приложения в папку [/home/user/kstreams-testing-pitfalls-master/untitled5/untitled/velo3/deploy/tomcat/webapps/ROOT]
18-Nov-2021 12:43:51.681 INFO [main] org.apache.catalina.startup.HostConfig.deployDirectory Deployment of web application directory [/home/user/kstreams-testing-pitfalls-master/untitled5/untitled/velo3/deploy/tomcat/webapps/ROOT] has finished in [86] ms
18-Nov-2021 12:43:51.681 INFO [main] org.apache.catalina.startup.HostConfig.deployDirectory Установка веб приложения в папку [/home/user/kstreams-testing-pitfalls-master/untitled5/untitled/velo3/deploy/tomcat/webapps/app-mobile-rest]
18-Nov-2021 12:43:54.996 INFO [main] org.apache.catalina.startup.HostConfig.deployDirectory Deployment of web application directory [/home/user/kstreams-testing-pitfalls-master/untitled5/untitled/velo3/deploy/tomcat/webapps/app-mobile-rest] has finished in [3 314] ms
18-Nov-2021 12:43:55.089 INFO [main] org.apache.coyote.AbstractProtocol.start Starting ProtocolHandler ["http-nio-8080"]
18-Nov-2021 12:43:55.155 INFO [main] org.apache.catalina.startup.Catalina.start Server startup in [57201] milliseconds
18-Nov-2021 12:49:35.700 INFO [main] org.apache.catalina.core.AprLifecycleListener.lifecycleEvent The Apache Tomcat Native library which allows using OpenSSL was not found on the java.library.path: [/usr/java/packages/lib/amd64:/usr/lib64:/lib64:/lib:/usr/lib]
18-Nov-2021 12:49:39.087 INFO [main] org.apache.coyote.AbstractProtocol.init Initializing ProtocolHandler ["http-nio-8080"]
18-Nov-2021 12:49:39.266 INFO [main] org.apache.catalina.startup.Catalina.load Server initialization in [3880] milliseconds
18-Nov-2021 12:49:39.619 INFO [main] org.apache.catalina.core.StandardService.startInternal Starting service [Catalina]
18-Nov-2021 12:49:39.621 INFO [main] org.apache.catalina.core.StandardEngine.startInternal Starting Servlet engine: [Apache Tomcat/9.0.40]
18-Nov-2021 12:49:39.702 INFO [main] org.apache.catalina.startup.HostConfig.deployDirectory Установка веб приложения в папку [/home/user/kstreams-testing-pitfalls-master/untitled5/untitled/velo3/deploy/tomcat/webapps/app-portal]
18-Nov-2021 12:49:39.822 WARNING [main] org.apache.tomcat.util.digester.SetPropertiesRule.begin Match [Context/Manager] failed to set property [debug] to [0]
18-Nov-2021 12:49:39.823 WARNING [main] org.apache.tomcat.util.digester.SetPropertiesRule.begin Match [Context/Manager] failed to set property [distributable] to [false]
18-Nov-2021 12:50:00.652 INFO [main] org.apache.catalina.startup.HostConfig.deployDirectory Deployment of web application directory [/home/user/kstreams-testing-pitfalls-master/untitled5/untitled/velo3/deploy/tomcat/webapps/app-portal] has finished in [20 933] ms
18-Nov-2021 12:50:00.652 INFO [main] org.apache.catalina.startup.HostConfig.deployDirectory Установка веб приложения в папку [/home/user/kstreams-testing-pitfalls-master/untitled5/untitled/velo3/deploy/tomcat/webapps/app-core]
18-Nov-2021 12:50:00.674 WARNING [main] org.apache.tomcat.util.digester.SetPropertiesRule.begin Match [Context/Manager] failed to set property [debug] to [0]
18-Nov-2021 12:50:00.674 WARNING [main] org.apache.tomcat.util.digester.SetPropertiesRule.begin Match [Context/Manager] failed to set property [distributable] to [false]
18-Nov-2021 12:50:25.571 INFO [main] org.apache.catalina.startup.HostConfig.deployDirectory Deployment of web application directory [/home/user/kstreams-testing-pitfalls-master/untitled5/untitled/velo3/deploy/tomcat/webapps/app-core] has finished in [24 919] ms
18-Nov-2021 12:50:25.571 INFO [main] org.apache.catalina.startup.HostConfig.deployDirectory Установка веб приложения в папку [/home/user/kstreams-testing-pitfalls-master/untitled5/untitled/velo3/deploy/tomcat/webapps/app]
18-Nov-2021 12:50:25.613 WARNING [main] org.apache.tomcat.util.digester.SetPropertiesRule.begin Match [Context/Manager] failed to set property [debug] to [0]
18-Nov-2021 12:50:25.614 WARNING [main] org.apache.tomcat.util.digester.SetPropertiesRule.begin Match [Context/Manager] failed to set property [distributable] to [false]
18-Nov-2021 12:50:41.659 INFO [main] org.apache.catalina.startup.HostConfig.deployDirectory Deployment of web application directory [/home/user/kstreams-testing-pitfalls-master/untitled5/untitled/velo3/deploy/tomcat/webapps/app] has finished in [16 088] ms
18-Nov-2021 12:50:41.659 INFO [main] org.apache.catalina.startup.HostConfig.deployDirectory Установка веб приложения в папку [/home/user/kstreams-testing-pitfalls-master/untitled5/untitled/velo3/deploy/tomcat/webapps/ROOT]
18-Nov-2021 12:50:41.850 INFO [main] org.apache.catalina.startup.HostConfig.deployDirectory Deployment of web application directory [/home/user/kstreams-testing-pitfalls-master/untitled5/untitled/velo3/deploy/tomcat/webapps/ROOT] has finished in [190] ms
18-Nov-2021 12:50:41.850 INFO [main] org.apache.catalina.startup.HostConfig.deployDirectory Установка веб приложения в папку [/home/user/kstreams-testing-pitfalls-master/untitled5/untitled/velo3/deploy/tomcat/webapps/app-mobile-rest]
18-Nov-2021 12:50:48.159 INFO [main] org.apache.catalina.startup.HostConfig.deployDirectory Deployment of web application directory [/home/user/kstreams-testing-pitfalls-master/untitled5/untitled/velo3/deploy/tomcat/webapps/app-mobile-rest] has finished in [6 309] ms
18-Nov-2021 12:50:48.306 INFO [main] org.apache.coyote.AbstractProtocol.start Starting ProtocolHandler ["http-nio-8080"]
18-Nov-2021 12:50:48.443 INFO [main] org.apache.catalina.startup.Catalina.start Server startup in [69175] milliseconds
18-Nov-2021 15:07:33.192 INFO [main] org.apache.catalina.core.AprLifecycleListener.lifecycleEvent The Apache Tomcat Native library which allows using OpenSSL was not found on the java.library.path: [/usr/java/packages/lib/amd64:/usr/lib64:/lib64:/lib:/usr/lib]
18-Nov-2021 15:07:35.536 INFO [main] org.apache.coyote.AbstractProtocol.init Initializing ProtocolHandler ["http-nio-8080"]
18-Nov-2021 15:07:35.607 INFO [main] org.apache.catalina.startup.Catalina.load Server initialization in [2731] milliseconds
18-Nov-2021 15:07:35.684 INFO [main] org.apache.catalina.core.StandardService.startInternal Starting service [Catalina]
18-Nov-2021 15:07:35.684 INFO [main] org.apache.catalina.core.StandardEngine.startInternal Starting Servlet engine: [Apache Tomcat/9.0.40]
18-Nov-2021 15:07:35.725 INFO [main] org.apache.catalina.startup.HostConfig.deployDirectory Установка веб приложения в папку [/home/user/kstreams-testing-pitfalls-master/untitled5/untitled/velo3/deploy/tomcat/webapps/app-portal]
18-Nov-2021 15:07:35.787 WARNING [main] org.apache.tomcat.util.digester.SetPropertiesRule.begin Match [Context/Manager] failed to set property [debug] to [0]
18-Nov-2021 15:07:35.788 WARNING [main] org.apache.tomcat.util.digester.SetPropertiesRule.begin Match [Context/Manager] failed to set property [distributable] to [false]
18-Nov-2021 15:07:52.868 INFO [main] org.apache.catalina.startup.HostConfig.deployDirectory Deployment of web application directory [/home/user/kstreams-testing-pitfalls-master/untitled5/untitled/velo3/deploy/tomcat/webapps/app-portal] has finished in [17 125] ms
18-Nov-2021 15:07:52.868 INFO [main] org.apache.catalina.startup.HostConfig.deployDirectory Установка веб приложения в папку [/home/user/kstreams-testing-pitfalls-master/untitled5/untitled/velo3/deploy/tomcat/webapps/app-core]
18-Nov-2021 15:07:52.876 WARNING [main] org.apache.tomcat.util.digester.SetPropertiesRule.begin Match [Context/Manager] failed to set property [debug] to [0]
18-Nov-2021 15:07:52.876 WARNING [main] org.apache.tomcat.util.digester.SetPropertiesRule.begin Match [Context/Manager] failed to set property [distributable] to [false]
18-Nov-2021 15:08:17.909 INFO [main] org.apache.catalina.startup.HostConfig.deployDirectory Deployment of web application directory [/home/user/kstreams-testing-pitfalls-master/untitled5/untitled/velo3/deploy/tomcat/webapps/app-core] has finished in [25 041] ms
18-Nov-2021 15:08:17.910 INFO [main] org.apache.catalina.startup.HostConfig.deployDirectory Установка веб приложения в папку [/home/user/kstreams-testing-pitfalls-master/untitled5/untitled/velo3/deploy/tomcat/webapps/app]
18-Nov-2021 15:08:17.966 WARNING [main] org.apache.tomcat.util.digester.SetPropertiesRule.begin Match [Context/Manager] failed to set property [debug] to [0]
18-Nov-2021 15:08:17.966 WARNING [main] org.apache.tomcat.util.digester.SetPropertiesRule.begin Match [Context/Manager] failed to set property [distributable] to [false]
18-Nov-2021 15:08:31.568 INFO [main] org.apache.catalina.startup.HostConfig.deployDirectory Deployment of web application directory [/home/user/kstreams-testing-pitfalls-master/untitled5/untitled/velo3/deploy/tomcat/webapps/app] has finished in [13 658] ms
18-Nov-2021 15:08:31.568 INFO [main] org.apache.catalina.startup.HostConfig.deployDirectory Установка веб приложения в папку [/home/user/kstreams-testing-pitfalls-master/untitled5/untitled/velo3/deploy/tomcat/webapps/ROOT]
18-Nov-2021 15:08:31.742 INFO [main] org.apache.catalina.startup.HostConfig.deployDirectory Deployment of web application directory [/home/user/kstreams-testing-pitfalls-master/untitled5/untitled/velo3/deploy/tomcat/webapps/ROOT] has finished in [173] ms
18-Nov-2021 15:08:31.742 INFO [main] org.apache.catalina.startup.HostConfig.deployDirectory Установка веб приложения в папку [/home/user/kstreams-testing-pitfalls-master/untitled5/untitled/velo3/deploy/tomcat/webapps/app-mobile-rest]
18-Nov-2021 15:08:35.008 INFO [main] org.apache.catalina.startup.HostConfig.deployDirectory Deployment of web application directory [/home/user/kstreams-testing-pitfalls-master/untitled5/untitled/velo3/deploy/tomcat/webapps/app-mobile-rest] has finished in [3 266] ms
18-Nov-2021 15:08:35.047 INFO [main] org.apache.coyote.AbstractProtocol.start Starting ProtocolHandler ["http-nio-8080"]
18-Nov-2021 15:08:35.160 INFO [main] org.apache.catalina.startup.Catalina.start Server startup in [59552] milliseconds
