16-Nov-2021 12:23:36.833 INFO [main] org.apache.catalina.core.AprLifecycleListener.lifecycleEvent The Apache Tomcat Native library which allows using OpenSSL was not found on the java.library.path: [/usr/java/packages/lib/amd64:/usr/lib64:/lib64:/lib:/usr/lib]
16-Nov-2021 12:23:42.622 INFO [main] org.apache.coyote.AbstractProtocol.init Initializing ProtocolHandler ["http-nio-8080"]
16-Nov-2021 12:23:42.798 INFO [main] org.apache.catalina.startup.Catalina.load Server initialization in [6256] milliseconds
16-Nov-2021 12:23:42.992 INFO [main] org.apache.catalina.core.StandardService.startInternal Starting service [Catalina]
16-Nov-2021 12:23:42.994 INFO [main] org.apache.catalina.core.StandardEngine.startInternal Starting Servlet engine: [Apache Tomcat/9.0.40]
16-Nov-2021 12:23:43.024 INFO [main] org.apache.catalina.startup.HostConfig.deployDirectory Установка веб приложения в папку [/home/user/kstreams-testing-pitfalls-master/untitled5/untitled/velo3/deploy/tomcat/webapps/app-portal]
16-Nov-2021 12:23:43.104 WARNING [main] org.apache.tomcat.util.digester.SetPropertiesRule.begin Match [Context/Manager] failed to set property [debug] to [0]
16-Nov-2021 12:23:43.105 WARNING [main] org.apache.tomcat.util.digester.SetPropertiesRule.begin Match [Context/Manager] failed to set property [distributable] to [false]
16-Nov-2021 12:24:06.072 INFO [main] org.apache.catalina.startup.HostConfig.deployDirectory Deployment of web application directory [/home/user/kstreams-testing-pitfalls-master/untitled5/untitled/velo3/deploy/tomcat/webapps/app-portal] has finished in [23 048] ms
16-Nov-2021 12:24:06.073 INFO [main] org.apache.catalina.startup.HostConfig.deployDirectory Установка веб приложения в папку [/home/user/kstreams-testing-pitfalls-master/untitled5/untitled/velo3/deploy/tomcat/webapps/app-core]
16-Nov-2021 12:24:06.089 WARNING [main] org.apache.tomcat.util.digester.SetPropertiesRule.begin Match [Context/Manager] failed to set property [debug] to [0]
16-Nov-2021 12:24:06.089 WARNING [main] org.apache.tomcat.util.digester.SetPropertiesRule.begin Match [Context/Manager] failed to set property [distributable] to [false]
16-Nov-2021 12:24:36.582 INFO [main] org.apache.catalina.startup.HostConfig.deployDirectory Deployment of web application directory [/home/user/kstreams-testing-pitfalls-master/untitled5/untitled/velo3/deploy/tomcat/webapps/app-core] has finished in [30 510] ms
16-Nov-2021 12:24:36.622 INFO [main] org.apache.catalina.startup.HostConfig.deployDirectory Установка веб приложения в папку [/home/user/kstreams-testing-pitfalls-master/untitled5/untitled/velo3/deploy/tomcat/webapps/app]
16-Nov-2021 12:24:36.787 WARNING [main] org.apache.tomcat.util.digester.SetPropertiesRule.begin Match [Context/Manager] failed to set property [debug] to [0]
16-Nov-2021 12:24:36.788 WARNING [main] org.apache.tomcat.util.digester.SetPropertiesRule.begin Match [Context/Manager] failed to set property [distributable] to [false]
16-Nov-2021 12:24:53.286 INFO [main] org.apache.catalina.startup.HostConfig.deployDirectory Deployment of web application directory [/home/user/kstreams-testing-pitfalls-master/untitled5/untitled/velo3/deploy/tomcat/webapps/app] has finished in [16 664] ms
16-Nov-2021 12:24:53.286 INFO [main] org.apache.catalina.startup.HostConfig.deployDirectory Установка веб приложения в папку [/home/user/kstreams-testing-pitfalls-master/untitled5/untitled/velo3/deploy/tomcat/webapps/ROOT]
16-Nov-2021 12:24:53.399 INFO [main] org.apache.catalina.startup.HostConfig.deployDirectory Deployment of web application directory [/home/user/kstreams-testing-pitfalls-master/untitled5/untitled/velo3/deploy/tomcat/webapps/ROOT] has finished in [113] ms
16-Nov-2021 12:24:53.400 INFO [main] org.apache.catalina.startup.HostConfig.deployDirectory Установка веб приложения в папку [/home/user/kstreams-testing-pitfalls-master/untitled5/untitled/velo3/deploy/tomcat/webapps/app-mobile-rest]
16-Nov-2021 12:24:58.440 INFO [main] org.apache.catalina.startup.HostConfig.deployDirectory Deployment of web application directory [/home/user/kstreams-testing-pitfalls-master/untitled5/untitled/velo3/deploy/tomcat/webapps/app-mobile-rest] has finished in [5 041] ms
16-Nov-2021 12:24:58.496 INFO [main] org.apache.coyote.AbstractProtocol.start Starting ProtocolHandler ["http-nio-8080"]
16-Nov-2021 12:24:58.635 INFO [main] org.apache.catalina.startup.Catalina.start Server startup in [75835] milliseconds
16-Nov-2021 12:47:27.493 INFO [main] org.apache.catalina.core.AprLifecycleListener.lifecycleEvent The Apache Tomcat Native library which allows using OpenSSL was not found on the java.library.path: [/usr/java/packages/lib/amd64:/usr/lib64:/lib64:/lib:/usr/lib]
16-Nov-2021 12:47:29.590 INFO [main] org.apache.coyote.AbstractProtocol.init Initializing ProtocolHandler ["http-nio-8080"]
16-Nov-2021 12:47:29.660 INFO [main] org.apache.catalina.startup.Catalina.load Server initialization in [2516] milliseconds
16-Nov-2021 12:47:29.737 INFO [main] org.apache.catalina.core.StandardService.startInternal Starting service [Catalina]
16-Nov-2021 12:47:29.738 INFO [main] org.apache.catalina.core.StandardEngine.startInternal Starting Servlet engine: [Apache Tomcat/9.0.40]
16-Nov-2021 12:47:29.761 INFO [main] org.apache.catalina.startup.HostConfig.deployDirectory Установка веб приложения в папку [/home/user/kstreams-testing-pitfalls-master/untitled5/untitled/velo3/deploy/tomcat/webapps/app-portal]
16-Nov-2021 12:47:29.821 WARNING [main] org.apache.tomcat.util.digester.SetPropertiesRule.begin Match [Context/Manager] failed to set property [debug] to [0]
16-Nov-2021 12:47:29.822 WARNING [main] org.apache.tomcat.util.digester.SetPropertiesRule.begin Match [Context/Manager] failed to set property [distributable] to [false]
16-Nov-2021 12:47:42.956 INFO [main] org.apache.catalina.startup.HostConfig.deployDirectory Deployment of web application directory [/home/user/kstreams-testing-pitfalls-master/untitled5/untitled/velo3/deploy/tomcat/webapps/app-portal] has finished in [13 194] ms
16-Nov-2021 12:47:42.957 INFO [main] org.apache.catalina.startup.HostConfig.deployDirectory Установка веб приложения в папку [/home/user/kstreams-testing-pitfalls-master/untitled5/untitled/velo3/deploy/tomcat/webapps/app-core]
16-Nov-2021 12:47:42.970 WARNING [main] org.apache.tomcat.util.digester.SetPropertiesRule.begin Match [Context/Manager] failed to set property [debug] to [0]
16-Nov-2021 12:47:42.971 WARNING [main] org.apache.tomcat.util.digester.SetPropertiesRule.begin Match [Context/Manager] failed to set property [distributable] to [false]
16-Nov-2021 12:48:06.077 INFO [main] org.apache.catalina.startup.HostConfig.deployDirectory Deployment of web application directory [/home/user/kstreams-testing-pitfalls-master/untitled5/untitled/velo3/deploy/tomcat/webapps/app-core] has finished in [23 120] ms
16-Nov-2021 12:48:06.077 INFO [main] org.apache.catalina.startup.HostConfig.deployDirectory Установка веб приложения в папку [/home/user/kstreams-testing-pitfalls-master/untitled5/untitled/velo3/deploy/tomcat/webapps/app]
16-Nov-2021 12:48:06.174 WARNING [main] org.apache.tomcat.util.digester.SetPropertiesRule.begin Match [Context/Manager] failed to set property [debug] to [0]
16-Nov-2021 12:48:06.174 WARNING [main] org.apache.tomcat.util.digester.SetPropertiesRule.begin Match [Context/Manager] failed to set property [distributable] to [false]
16-Nov-2021 12:48:17.715 INFO [main] org.apache.catalina.startup.HostConfig.deployDirectory Deployment of web application directory [/home/user/kstreams-testing-pitfalls-master/untitled5/untitled/velo3/deploy/tomcat/webapps/app] has finished in [11 638] ms
16-Nov-2021 12:48:17.716 INFO [main] org.apache.catalina.startup.HostConfig.deployDirectory Установка веб приложения в папку [/home/user/kstreams-testing-pitfalls-master/untitled5/untitled/velo3/deploy/tomcat/webapps/ROOT]
16-Nov-2021 12:48:17.804 INFO [main] org.apache.catalina.startup.HostConfig.deployDirectory Deployment of web application directory [/home/user/kstreams-testing-pitfalls-master/untitled5/untitled/velo3/deploy/tomcat/webapps/ROOT] has finished in [88] ms
16-Nov-2021 12:48:17.805 INFO [main] org.apache.catalina.startup.HostConfig.deployDirectory Установка веб приложения в папку [/home/user/kstreams-testing-pitfalls-master/untitled5/untitled/velo3/deploy/tomcat/webapps/app-mobile-rest]
16-Nov-2021 12:48:21.687 INFO [main] org.apache.catalina.startup.HostConfig.deployDirectory Deployment of web application directory [/home/user/kstreams-testing-pitfalls-master/untitled5/untitled/velo3/deploy/tomcat/webapps/app-mobile-rest] has finished in [3 882] ms
16-Nov-2021 12:48:21.708 INFO [main] org.apache.coyote.AbstractProtocol.start Starting ProtocolHandler ["http-nio-8080"]
16-Nov-2021 12:48:21.793 INFO [main] org.apache.catalina.startup.Catalina.start Server startup in [52132] milliseconds
16-Nov-2021 12:59:05.947 INFO [main] org.apache.catalina.core.AprLifecycleListener.lifecycleEvent The Apache Tomcat Native library which allows using OpenSSL was not found on the java.library.path: [/usr/java/packages/lib/amd64:/usr/lib64:/lib64:/lib:/usr/lib]
16-Nov-2021 12:59:08.810 INFO [main] org.apache.coyote.AbstractProtocol.init Initializing ProtocolHandler ["http-nio-8080"]
16-Nov-2021 12:59:08.905 INFO [main] org.apache.catalina.startup.Catalina.load Server initialization in [3563] milliseconds
16-Nov-2021 12:59:08.991 INFO [main] org.apache.catalina.core.StandardService.startInternal Starting service [Catalina]
16-Nov-2021 12:59:08.992 INFO [main] org.apache.catalina.core.StandardEngine.startInternal Starting Servlet engine: [Apache Tomcat/9.0.40]
16-Nov-2021 12:59:09.081 INFO [main] org.apache.catalina.startup.HostConfig.deployDirectory Установка веб приложения в папку [/home/user/kstreams-testing-pitfalls-master/untitled5/untitled/velo3/deploy/tomcat/webapps/app-portal]
16-Nov-2021 12:59:09.231 WARNING [main] org.apache.tomcat.util.digester.SetPropertiesRule.begin Match [Context/Manager] failed to set property [debug] to [0]
16-Nov-2021 12:59:09.232 WARNING [main] org.apache.tomcat.util.digester.SetPropertiesRule.begin Match [Context/Manager] failed to set property [distributable] to [false]
16-Nov-2021 12:59:35.249 INFO [main] org.apache.catalina.startup.HostConfig.deployDirectory Deployment of web application directory [/home/user/kstreams-testing-pitfalls-master/untitled5/untitled/velo3/deploy/tomcat/webapps/app-portal] has finished in [26 167] ms
16-Nov-2021 12:59:35.249 INFO [main] org.apache.catalina.startup.HostConfig.deployDirectory Установка веб приложения в папку [/home/user/kstreams-testing-pitfalls-master/untitled5/untitled/velo3/deploy/tomcat/webapps/app-core]
16-Nov-2021 12:59:35.266 WARNING [main] org.apache.tomcat.util.digester.SetPropertiesRule.begin Match [Context/Manager] failed to set property [debug] to [0]
16-Nov-2021 12:59:35.267 WARNING [main] org.apache.tomcat.util.digester.SetPropertiesRule.begin Match [Context/Manager] failed to set property [distributable] to [false]
16-Nov-2021 13:00:02.916 INFO [main] org.apache.catalina.startup.HostConfig.deployDirectory Deployment of web application directory [/home/user/kstreams-testing-pitfalls-master/untitled5/untitled/velo3/deploy/tomcat/webapps/app-core] has finished in [27 667] ms
16-Nov-2021 13:00:02.917 INFO [main] org.apache.catalina.startup.HostConfig.deployDirectory Установка веб приложения в папку [/home/user/kstreams-testing-pitfalls-master/untitled5/untitled/velo3/deploy/tomcat/webapps/app]
16-Nov-2021 13:00:02.935 WARNING [main] org.apache.tomcat.util.digester.SetPropertiesRule.begin Match [Context/Manager] failed to set property [debug] to [0]
16-Nov-2021 13:00:02.935 WARNING [main] org.apache.tomcat.util.digester.SetPropertiesRule.begin Match [Context/Manager] failed to set property [distributable] to [false]
16-Nov-2021 13:00:16.381 INFO [main] org.apache.catalina.startup.HostConfig.deployDirectory Deployment of web application directory [/home/user/kstreams-testing-pitfalls-master/untitled5/untitled/velo3/deploy/tomcat/webapps/app] has finished in [13 464] ms
16-Nov-2021 13:00:16.409 INFO [main] org.apache.catalina.startup.HostConfig.deployDirectory Установка веб приложения в папку [/home/user/kstreams-testing-pitfalls-master/untitled5/untitled/velo3/deploy/tomcat/webapps/ROOT]
16-Nov-2021 13:00:16.547 INFO [main] org.apache.catalina.startup.HostConfig.deployDirectory Deployment of web application directory [/home/user/kstreams-testing-pitfalls-master/untitled5/untitled/velo3/deploy/tomcat/webapps/ROOT] has finished in [138] ms
16-Nov-2021 13:00:16.548 INFO [main] org.apache.catalina.startup.HostConfig.deployDirectory Установка веб приложения в папку [/home/user/kstreams-testing-pitfalls-master/untitled5/untitled/velo3/deploy/tomcat/webapps/app-mobile-rest]
16-Nov-2021 13:00:19.656 INFO [main] org.apache.catalina.startup.HostConfig.deployDirectory Deployment of web application directory [/home/user/kstreams-testing-pitfalls-master/untitled5/untitled/velo3/deploy/tomcat/webapps/app-mobile-rest] has finished in [3 107] ms
16-Nov-2021 13:00:19.671 INFO [main] org.apache.coyote.AbstractProtocol.start Starting ProtocolHandler ["http-nio-8080"]
16-Nov-2021 13:00:19.707 INFO [main] org.apache.catalina.startup.Catalina.start Server startup in [70801] milliseconds
