09-Nov-2021 12:57:20.341 INFO [main] org.apache.catalina.core.AprLifecycleListener.lifecycleEvent The Apache Tomcat Native library which allows using OpenSSL was not found on the java.library.path: [/usr/java/packages/lib/amd64:/usr/lib64:/lib64:/lib:/usr/lib]
09-Nov-2021 12:57:22.565 INFO [main] org.apache.coyote.AbstractProtocol.init Initializing ProtocolHandler ["http-nio-8080"]
09-Nov-2021 12:57:22.652 INFO [main] org.apache.catalina.startup.Catalina.load Server initialization in [2796] milliseconds
09-Nov-2021 12:57:22.729 INFO [main] org.apache.catalina.core.StandardService.startInternal Starting service [Catalina]
09-Nov-2021 12:57:22.730 INFO [main] org.apache.catalina.core.StandardEngine.startInternal Starting Servlet engine: [Apache Tomcat/9.0.40]
09-Nov-2021 12:57:22.752 INFO [main] org.apache.catalina.startup.HostConfig.deployDirectory Установка веб приложения в папку [/home/user/kstreams-testing-pitfalls-master/untitled5/untitled/velo3/deploy/tomcat/webapps/app-portal]
09-Nov-2021 12:57:22.833 WARNING [main] org.apache.tomcat.util.digester.SetPropertiesRule.begin Match [Context/Manager] failed to set property [debug] to [0]
09-Nov-2021 12:57:22.834 WARNING [main] org.apache.tomcat.util.digester.SetPropertiesRule.begin Match [Context/Manager] failed to set property [distributable] to [false]
09-Nov-2021 12:57:37.819 INFO [main] org.apache.catalina.startup.HostConfig.deployDirectory Deployment of web application directory [/home/user/kstreams-testing-pitfalls-master/untitled5/untitled/velo3/deploy/tomcat/webapps/app-portal] has finished in [15 066] ms
09-Nov-2021 12:57:37.820 INFO [main] org.apache.catalina.startup.HostConfig.deployDirectory Установка веб приложения в папку [/home/user/kstreams-testing-pitfalls-master/untitled5/untitled/velo3/deploy/tomcat/webapps/app-core]
09-Nov-2021 12:57:37.830 WARNING [main] org.apache.tomcat.util.digester.SetPropertiesRule.begin Match [Context/Manager] failed to set property [debug] to [0]
09-Nov-2021 12:57:37.831 WARNING [main] org.apache.tomcat.util.digester.SetPropertiesRule.begin Match [Context/Manager] failed to set property [distributable] to [false]
09-Nov-2021 12:58:21.498 INFO [main] org.apache.catalina.startup.HostConfig.deployDirectory Deployment of web application directory [/home/user/kstreams-testing-pitfalls-master/untitled5/untitled/velo3/deploy/tomcat/webapps/app-core] has finished in [43 678] ms
09-Nov-2021 12:58:21.552 INFO [main] org.apache.catalina.startup.HostConfig.deployDirectory Установка веб приложения в папку [/home/user/kstreams-testing-pitfalls-master/untitled5/untitled/velo3/deploy/tomcat/webapps/app]
09-Nov-2021 12:58:21.600 WARNING [main] org.apache.tomcat.util.digester.SetPropertiesRule.begin Match [Context/Manager] failed to set property [debug] to [0]
09-Nov-2021 12:58:21.601 WARNING [main] org.apache.tomcat.util.digester.SetPropertiesRule.begin Match [Context/Manager] failed to set property [distributable] to [false]
09-Nov-2021 12:58:56.440 INFO [main] org.apache.catalina.startup.HostConfig.deployDirectory Deployment of web application directory [/home/user/kstreams-testing-pitfalls-master/untitled5/untitled/velo3/deploy/tomcat/webapps/app] has finished in [34 888] ms
09-Nov-2021 12:58:56.492 INFO [main] org.apache.catalina.startup.HostConfig.deployDirectory Установка веб приложения в папку [/home/user/kstreams-testing-pitfalls-master/untitled5/untitled/velo3/deploy/tomcat/webapps/ROOT]
09-Nov-2021 12:58:56.770 INFO [main] org.apache.catalina.startup.HostConfig.deployDirectory Deployment of web application directory [/home/user/kstreams-testing-pitfalls-master/untitled5/untitled/velo3/deploy/tomcat/webapps/ROOT] has finished in [277] ms
09-Nov-2021 12:58:56.770 INFO [main] org.apache.catalina.startup.HostConfig.deployDirectory Установка веб приложения в папку [/home/user/kstreams-testing-pitfalls-master/untitled5/untitled/velo3/deploy/tomcat/webapps/app-mobile-rest]
09-Nov-2021 12:59:08.263 INFO [main] org.apache.catalina.startup.HostConfig.deployDirectory Deployment of web application directory [/home/user/kstreams-testing-pitfalls-master/untitled5/untitled/velo3/deploy/tomcat/webapps/app-mobile-rest] has finished in [11 493] ms
09-Nov-2021 12:59:08.983 INFO [main] org.apache.coyote.AbstractProtocol.start Starting ProtocolHandler ["http-nio-8080"]
09-Nov-2021 12:59:09.681 INFO [main] org.apache.catalina.startup.Catalina.start Server startup in [107028] milliseconds
09-Nov-2021 13:10:56.578 INFO [main] org.apache.catalina.core.AprLifecycleListener.lifecycleEvent The Apache Tomcat Native library which allows using OpenSSL was not found on the java.library.path: [/usr/java/packages/lib/amd64:/usr/lib64:/lib64:/lib:/usr/lib]
09-Nov-2021 13:10:58.827 INFO [main] org.apache.coyote.AbstractProtocol.init Initializing ProtocolHandler ["http-nio-8080"]
09-Nov-2021 13:10:58.905 INFO [main] org.apache.catalina.startup.Catalina.load Server initialization in [2647] milliseconds
09-Nov-2021 13:10:58.982 INFO [main] org.apache.catalina.core.StandardService.startInternal Starting service [Catalina]
09-Nov-2021 13:10:58.982 INFO [main] org.apache.catalina.core.StandardEngine.startInternal Starting Servlet engine: [Apache Tomcat/9.0.40]
09-Nov-2021 13:10:58.992 INFO [main] org.apache.catalina.startup.HostConfig.deployDirectory Установка веб приложения в папку [/home/user/kstreams-testing-pitfalls-master/untitled5/untitled/velo3/deploy/tomcat/webapps/app-portal]
09-Nov-2021 13:10:59.044 WARNING [main] org.apache.tomcat.util.digester.SetPropertiesRule.begin Match [Context/Manager] failed to set property [debug] to [0]
09-Nov-2021 13:10:59.045 WARNING [main] org.apache.tomcat.util.digester.SetPropertiesRule.begin Match [Context/Manager] failed to set property [distributable] to [false]
09-Nov-2021 13:11:14.451 INFO [main] org.apache.catalina.startup.HostConfig.deployDirectory Deployment of web application directory [/home/user/kstreams-testing-pitfalls-master/untitled5/untitled/velo3/deploy/tomcat/webapps/app-portal] has finished in [15 458] ms
09-Nov-2021 13:11:14.452 INFO [main] org.apache.catalina.startup.HostConfig.deployDirectory Установка веб приложения в папку [/home/user/kstreams-testing-pitfalls-master/untitled5/untitled/velo3/deploy/tomcat/webapps/app-core]
09-Nov-2021 13:11:14.731 WARNING [main] org.apache.tomcat.util.digester.SetPropertiesRule.begin Match [Context/Manager] failed to set property [debug] to [0]
09-Nov-2021 13:11:14.732 WARNING [main] org.apache.tomcat.util.digester.SetPropertiesRule.begin Match [Context/Manager] failed to set property [distributable] to [false]
09-Nov-2021 13:11:39.673 INFO [main] org.apache.catalina.startup.HostConfig.deployDirectory Deployment of web application directory [/home/user/kstreams-testing-pitfalls-master/untitled5/untitled/velo3/deploy/tomcat/webapps/app-core] has finished in [25 221] ms
09-Nov-2021 13:11:39.673 INFO [main] org.apache.catalina.startup.HostConfig.deployDirectory Установка веб приложения в папку [/home/user/kstreams-testing-pitfalls-master/untitled5/untitled/velo3/deploy/tomcat/webapps/app]
09-Nov-2021 13:11:39.761 WARNING [main] org.apache.tomcat.util.digester.SetPropertiesRule.begin Match [Context/Manager] failed to set property [debug] to [0]
09-Nov-2021 13:11:39.761 WARNING [main] org.apache.tomcat.util.digester.SetPropertiesRule.begin Match [Context/Manager] failed to set property [distributable] to [false]
09-Nov-2021 13:11:52.679 INFO [main] org.apache.catalina.startup.HostConfig.deployDirectory Deployment of web application directory [/home/user/kstreams-testing-pitfalls-master/untitled5/untitled/velo3/deploy/tomcat/webapps/app] has finished in [13 006] ms
09-Nov-2021 13:11:52.679 INFO [main] org.apache.catalina.startup.HostConfig.deployDirectory Установка веб приложения в папку [/home/user/kstreams-testing-pitfalls-master/untitled5/untitled/velo3/deploy/tomcat/webapps/ROOT]
09-Nov-2021 13:11:52.840 INFO [main] org.apache.catalina.startup.HostConfig.deployDirectory Deployment of web application directory [/home/user/kstreams-testing-pitfalls-master/untitled5/untitled/velo3/deploy/tomcat/webapps/ROOT] has finished in [160] ms
09-Nov-2021 13:11:52.840 INFO [main] org.apache.catalina.startup.HostConfig.deployDirectory Установка веб приложения в папку [/home/user/kstreams-testing-pitfalls-master/untitled5/untitled/velo3/deploy/tomcat/webapps/app-mobile-rest]
09-Nov-2021 13:11:56.064 INFO [main] org.apache.catalina.startup.HostConfig.deployDirectory Deployment of web application directory [/home/user/kstreams-testing-pitfalls-master/untitled5/untitled/velo3/deploy/tomcat/webapps/app-mobile-rest] has finished in [3 224] ms
09-Nov-2021 13:11:56.068 INFO [main] org.apache.coyote.AbstractProtocol.start Starting ProtocolHandler ["http-nio-8080"]
09-Nov-2021 13:11:56.124 INFO [main] org.apache.catalina.startup.Catalina.start Server startup in [57218] milliseconds
09-Nov-2021 13:20:07.907 INFO [main] org.apache.catalina.core.AprLifecycleListener.lifecycleEvent The Apache Tomcat Native library which allows using OpenSSL was not found on the java.library.path: [/usr/java/packages/lib/amd64:/usr/lib64:/lib64:/lib:/usr/lib]
09-Nov-2021 13:20:08.525 INFO [main] org.apache.coyote.AbstractProtocol.init Initializing ProtocolHandler ["http-nio-8080"]
09-Nov-2021 13:20:08.571 INFO [main] org.apache.catalina.startup.Catalina.load Server initialization in [1515] milliseconds
09-Nov-2021 13:20:08.640 INFO [main] org.apache.catalina.core.StandardService.startInternal Starting service [Catalina]
09-Nov-2021 13:20:08.641 INFO [main] org.apache.catalina.core.StandardEngine.startInternal Starting Servlet engine: [Apache Tomcat/9.0.40]
09-Nov-2021 13:20:08.672 INFO [main] org.apache.catalina.startup.HostConfig.deployDirectory Установка веб приложения в папку [/home/user/kstreams-testing-pitfalls-master/untitled5/untitled/velo3/deploy/tomcat/webapps/app-portal]
09-Nov-2021 13:20:08.713 WARNING [main] org.apache.tomcat.util.digester.SetPropertiesRule.begin Match [Context/Manager] failed to set property [debug] to [0]
09-Nov-2021 13:20:08.713 WARNING [main] org.apache.tomcat.util.digester.SetPropertiesRule.begin Match [Context/Manager] failed to set property [distributable] to [false]
09-Nov-2021 13:20:19.991 INFO [main] org.apache.catalina.startup.HostConfig.deployDirectory Deployment of web application directory [/home/user/kstreams-testing-pitfalls-master/untitled5/untitled/velo3/deploy/tomcat/webapps/app-portal] has finished in [11 318] ms
09-Nov-2021 13:20:19.991 INFO [main] org.apache.catalina.startup.HostConfig.deployDirectory Установка веб приложения в папку [/home/user/kstreams-testing-pitfalls-master/untitled5/untitled/velo3/deploy/tomcat/webapps/app-core]
09-Nov-2021 13:20:19.995 WARNING [main] org.apache.tomcat.util.digester.SetPropertiesRule.begin Match [Context/Manager] failed to set property [debug] to [0]
09-Nov-2021 13:20:19.996 WARNING [main] org.apache.tomcat.util.digester.SetPropertiesRule.begin Match [Context/Manager] failed to set property [distributable] to [false]
09-Nov-2021 13:20:42.346 INFO [main] org.apache.catalina.startup.HostConfig.deployDirectory Deployment of web application directory [/home/user/kstreams-testing-pitfalls-master/untitled5/untitled/velo3/deploy/tomcat/webapps/app-core] has finished in [22 354] ms
09-Nov-2021 13:20:42.346 INFO [main] org.apache.catalina.startup.HostConfig.deployDirectory Установка веб приложения в папку [/home/user/kstreams-testing-pitfalls-master/untitled5/untitled/velo3/deploy/tomcat/webapps/app]
09-Nov-2021 13:20:42.394 WARNING [main] org.apache.tomcat.util.digester.SetPropertiesRule.begin Match [Context/Manager] failed to set property [debug] to [0]
09-Nov-2021 13:20:42.395 WARNING [main] org.apache.tomcat.util.digester.SetPropertiesRule.begin Match [Context/Manager] failed to set property [distributable] to [false]
09-Nov-2021 13:20:54.829 INFO [main] org.apache.catalina.startup.HostConfig.deployDirectory Deployment of web application directory [/home/user/kstreams-testing-pitfalls-master/untitled5/untitled/velo3/deploy/tomcat/webapps/app] has finished in [12 483] ms
09-Nov-2021 13:20:54.829 INFO [main] org.apache.catalina.startup.HostConfig.deployDirectory Установка веб приложения в папку [/home/user/kstreams-testing-pitfalls-master/untitled5/untitled/velo3/deploy/tomcat/webapps/ROOT]
09-Nov-2021 13:20:54.949 INFO [main] org.apache.catalina.startup.HostConfig.deployDirectory Deployment of web application directory [/home/user/kstreams-testing-pitfalls-master/untitled5/untitled/velo3/deploy/tomcat/webapps/ROOT] has finished in [119] ms
09-Nov-2021 13:20:54.950 INFO [main] org.apache.catalina.startup.HostConfig.deployDirectory Установка веб приложения в папку [/home/user/kstreams-testing-pitfalls-master/untitled5/untitled/velo3/deploy/tomcat/webapps/app-mobile-rest]
09-Nov-2021 13:21:01.106 INFO [main] org.apache.catalina.startup.HostConfig.deployDirectory Deployment of web application directory [/home/user/kstreams-testing-pitfalls-master/untitled5/untitled/velo3/deploy/tomcat/webapps/app-mobile-rest] has finished in [6 156] ms
09-Nov-2021 13:21:01.138 INFO [main] org.apache.coyote.AbstractProtocol.start Starting ProtocolHandler ["http-nio-8080"]
09-Nov-2021 13:21:01.250 INFO [main] org.apache.catalina.startup.Catalina.start Server startup in [52678] milliseconds
09-Nov-2021 13:44:44.531 INFO [main] org.apache.catalina.core.AprLifecycleListener.lifecycleEvent The Apache Tomcat Native library which allows using OpenSSL was not found on the java.library.path: [/usr/java/packages/lib/amd64:/usr/lib64:/lib64:/lib:/usr/lib]
09-Nov-2021 13:44:46.117 INFO [main] org.apache.coyote.AbstractProtocol.init Initializing ProtocolHandler ["http-nio-8080"]
09-Nov-2021 13:44:46.192 INFO [main] org.apache.catalina.startup.Catalina.load Server initialization in [2039] milliseconds
09-Nov-2021 13:44:46.290 INFO [main] org.apache.catalina.core.StandardService.startInternal Starting service [Catalina]
09-Nov-2021 13:44:46.291 INFO [main] org.apache.catalina.core.StandardEngine.startInternal Starting Servlet engine: [Apache Tomcat/9.0.40]
09-Nov-2021 13:44:46.323 INFO [main] org.apache.catalina.startup.HostConfig.deployDirectory Установка веб приложения в папку [/home/user/kstreams-testing-pitfalls-master/untitled5/untitled/velo3/deploy/tomcat/webapps/app-portal]
09-Nov-2021 13:44:46.461 WARNING [main] org.apache.tomcat.util.digester.SetPropertiesRule.begin Match [Context/Manager] failed to set property [debug] to [0]
09-Nov-2021 13:44:46.462 WARNING [main] org.apache.tomcat.util.digester.SetPropertiesRule.begin Match [Context/Manager] failed to set property [distributable] to [false]
09-Nov-2021 13:44:59.608 INFO [main] org.apache.catalina.startup.HostConfig.deployDirectory Deployment of web application directory [/home/user/kstreams-testing-pitfalls-master/untitled5/untitled/velo3/deploy/tomcat/webapps/app-portal] has finished in [13 284] ms
09-Nov-2021 13:44:59.609 INFO [main] org.apache.catalina.startup.HostConfig.deployDirectory Установка веб приложения в папку [/home/user/kstreams-testing-pitfalls-master/untitled5/untitled/velo3/deploy/tomcat/webapps/app-core]
09-Nov-2021 13:44:59.612 WARNING [main] org.apache.tomcat.util.digester.SetPropertiesRule.begin Match [Context/Manager] failed to set property [debug] to [0]
09-Nov-2021 13:44:59.613 WARNING [main] org.apache.tomcat.util.digester.SetPropertiesRule.begin Match [Context/Manager] failed to set property [distributable] to [false]
09-Nov-2021 13:45:23.085 INFO [main] org.apache.catalina.startup.HostConfig.deployDirectory Deployment of web application directory [/home/user/kstreams-testing-pitfalls-master/untitled5/untitled/velo3/deploy/tomcat/webapps/app-core] has finished in [23 475] ms
09-Nov-2021 13:45:23.085 INFO [main] org.apache.catalina.startup.HostConfig.deployDirectory Установка веб приложения в папку [/home/user/kstreams-testing-pitfalls-master/untitled5/untitled/velo3/deploy/tomcat/webapps/app]
09-Nov-2021 13:45:23.101 WARNING [main] org.apache.tomcat.util.digester.SetPropertiesRule.begin Match [Context/Manager] failed to set property [debug] to [0]
09-Nov-2021 13:45:23.101 WARNING [main] org.apache.tomcat.util.digester.SetPropertiesRule.begin Match [Context/Manager] failed to set property [distributable] to [false]
09-Nov-2021 13:45:36.452 INFO [main] org.apache.catalina.startup.HostConfig.deployDirectory Deployment of web application directory [/home/user/kstreams-testing-pitfalls-master/untitled5/untitled/velo3/deploy/tomcat/webapps/app] has finished in [13 367] ms
09-Nov-2021 13:45:36.452 INFO [main] org.apache.catalina.startup.HostConfig.deployDirectory Установка веб приложения в папку [/home/user/kstreams-testing-pitfalls-master/untitled5/untitled/velo3/deploy/tomcat/webapps/ROOT]
09-Nov-2021 13:45:36.516 INFO [main] org.apache.catalina.startup.HostConfig.deployDirectory Deployment of web application directory [/home/user/kstreams-testing-pitfalls-master/untitled5/untitled/velo3/deploy/tomcat/webapps/ROOT] has finished in [64] ms
09-Nov-2021 13:45:36.516 INFO [main] org.apache.catalina.startup.HostConfig.deployDirectory Установка веб приложения в папку [/home/user/kstreams-testing-pitfalls-master/untitled5/untitled/velo3/deploy/tomcat/webapps/app-mobile-rest]
09-Nov-2021 13:45:38.668 INFO [main] org.apache.catalina.startup.HostConfig.deployDirectory Deployment of web application directory [/home/user/kstreams-testing-pitfalls-master/untitled5/untitled/velo3/deploy/tomcat/webapps/app-mobile-rest] has finished in [2 152] ms
09-Nov-2021 13:45:38.672 INFO [main] org.apache.coyote.AbstractProtocol.start Starting ProtocolHandler ["http-nio-8080"]
09-Nov-2021 13:45:38.696 INFO [main] org.apache.catalina.startup.Catalina.start Server startup in [52502] milliseconds
09-Nov-2021 13:55:30.345 INFO [main] org.apache.catalina.core.AprLifecycleListener.lifecycleEvent The Apache Tomcat Native library which allows using OpenSSL was not found on the java.library.path: [/usr/java/packages/lib/amd64:/usr/lib64:/lib64:/lib:/usr/lib]
09-Nov-2021 13:55:30.940 INFO [main] org.apache.coyote.AbstractProtocol.init Initializing ProtocolHandler ["http-nio-8080"]
09-Nov-2021 13:55:30.992 INFO [main] org.apache.catalina.startup.Catalina.load Server initialization in [986] milliseconds
09-Nov-2021 13:55:31.063 INFO [main] org.apache.catalina.core.StandardService.startInternal Starting service [Catalina]
09-Nov-2021 13:55:31.064 INFO [main] org.apache.catalina.core.StandardEngine.startInternal Starting Servlet engine: [Apache Tomcat/9.0.40]
09-Nov-2021 13:55:31.086 INFO [main] org.apache.catalina.startup.HostConfig.deployDirectory Установка веб приложения в папку [/home/user/kstreams-testing-pitfalls-master/untitled5/untitled/velo3/deploy/tomcat/webapps/app-portal]
09-Nov-2021 13:55:31.125 WARNING [main] org.apache.tomcat.util.digester.SetPropertiesRule.begin Match [Context/Manager] failed to set property [debug] to [0]
09-Nov-2021 13:55:31.126 WARNING [main] org.apache.tomcat.util.digester.SetPropertiesRule.begin Match [Context/Manager] failed to set property [distributable] to [false]
09-Nov-2021 13:55:41.906 INFO [main] org.apache.catalina.startup.HostConfig.deployDirectory Deployment of web application directory [/home/user/kstreams-testing-pitfalls-master/untitled5/untitled/velo3/deploy/tomcat/webapps/app-portal] has finished in [10 819] ms
09-Nov-2021 13:55:41.907 INFO [main] org.apache.catalina.startup.HostConfig.deployDirectory Установка веб приложения в папку [/home/user/kstreams-testing-pitfalls-master/untitled5/untitled/velo3/deploy/tomcat/webapps/app-core]
09-Nov-2021 13:55:41.910 WARNING [main] org.apache.tomcat.util.digester.SetPropertiesRule.begin Match [Context/Manager] failed to set property [debug] to [0]
09-Nov-2021 13:55:41.911 WARNING [main] org.apache.tomcat.util.digester.SetPropertiesRule.begin Match [Context/Manager] failed to set property [distributable] to [false]
09-Nov-2021 13:56:04.556 INFO [main] org.apache.catalina.startup.HostConfig.deployDirectory Deployment of web application directory [/home/user/kstreams-testing-pitfalls-master/untitled5/untitled/velo3/deploy/tomcat/webapps/app-core] has finished in [22 649] ms
09-Nov-2021 13:56:04.557 INFO [main] org.apache.catalina.startup.HostConfig.deployDirectory Установка веб приложения в папку [/home/user/kstreams-testing-pitfalls-master/untitled5/untitled/velo3/deploy/tomcat/webapps/app]
09-Nov-2021 13:56:04.602 WARNING [main] org.apache.tomcat.util.digester.SetPropertiesRule.begin Match [Context/Manager] failed to set property [debug] to [0]
09-Nov-2021 13:56:04.602 WARNING [main] org.apache.tomcat.util.digester.SetPropertiesRule.begin Match [Context/Manager] failed to set property [distributable] to [false]
09-Nov-2021 13:56:21.491 INFO [main] org.apache.catalina.startup.HostConfig.deployDirectory Deployment of web application directory [/home/user/kstreams-testing-pitfalls-master/untitled5/untitled/velo3/deploy/tomcat/webapps/app] has finished in [16 934] ms
09-Nov-2021 13:56:21.504 INFO [main] org.apache.catalina.startup.HostConfig.deployDirectory Установка веб приложения в папку [/home/user/kstreams-testing-pitfalls-master/untitled5/untitled/velo3/deploy/tomcat/webapps/ROOT]
09-Nov-2021 13:56:21.575 INFO [main] org.apache.catalina.startup.HostConfig.deployDirectory Deployment of web application directory [/home/user/kstreams-testing-pitfalls-master/untitled5/untitled/velo3/deploy/tomcat/webapps/ROOT] has finished in [71] ms
09-Nov-2021 13:56:21.576 INFO [main] org.apache.catalina.startup.HostConfig.deployDirectory Установка веб приложения в папку [/home/user/kstreams-testing-pitfalls-master/untitled5/untitled/velo3/deploy/tomcat/webapps/app-mobile-rest]
09-Nov-2021 13:56:27.938 INFO [main] org.apache.catalina.startup.HostConfig.deployDirectory Deployment of web application directory [/home/user/kstreams-testing-pitfalls-master/untitled5/untitled/velo3/deploy/tomcat/webapps/app-mobile-rest] has finished in [6 362] ms
09-Nov-2021 13:56:28.054 INFO [main] org.apache.coyote.AbstractProtocol.start Starting ProtocolHandler ["http-nio-8080"]
09-Nov-2021 13:56:28.373 INFO [main] org.apache.catalina.startup.Catalina.start Server startup in [57380] milliseconds
