Performance Statistics   2021-11-09 12:57:00 - 2021-11-09 12:58:00
Tag                                                  Avg(ms)         Min         Max     Std Dev       Count
Messages.searchClasspath                                 0,1           0           8         0,7         284
Messages.searchFiles                                     0,1           0          35         2,1         284
Metadata.replaceExtendedMetaClasses                      2,0           2           2         0,0           2

Performance Statistics   2021-11-09 12:58:00 - 2021-11-09 12:59:00
Tag                                                  Avg(ms)         Min         Max     Std Dev       Count
LoadClass                                                0,1           0          11         0,5         990
Messages.searchClasspath                                 1,2           0         404        18,6         546
Messages.searchFiles                                     0,0           0           0         0,0         546
Metadata.replaceExtendedMetaClasses                      3,0           3           3         0,0           1
Scheduling.processTasks                                108,8          32         413        70,1          63
ViewRepository.init.ExtViewRepositoryImpl               93,0          93          93         0,0           1
ViewRepository.replaceOverridden                         0,0           0           0         0,0          21
WebJARs                                                414,0         414         414         0,0           1

Performance Statistics   2021-11-09 12:59:00 - 2021-11-09 13:00:00
Tag                                                  Avg(ms)         Min         Max     Std Dev       Count
AppFolders                                            5032,0        5032        5032         0,0           1
LoadClass                                                0,1           0          33         0,9        3165
Messages.searchClasspath                                 0,2           0        1233        10,9       14133
Messages.searchFiles                                     0,0           0          32         0,3       14133
Messages.searchRemotely                                  2,4           0        1237        42,0         874
Metadata.replaceExtendedMetaClasses                      2,0           2           2         0,0           1
Scheduling.processTasks                                159,8          12         816       144,8          60
SearchFolders                                           39,0          39          39         0,0           1
Thesis:loadCalendarEvents                               93,0          93          93         0,0           1
Thesis:loadCardDeadlineInfoTree                         19,0          19          19         0,0           1
ViewRepository.init.ViewRepositoryClientImpl           166,0         166         166         0,0           1
ViewRepository.replaceOverridden                         0,1           0           1         0,3          21

Performance Statistics   2021-11-09 13:00:00 - 2021-11-09 13:01:00
Tag                                                  Avg(ms)         Min         Max     Std Dev       Count
Scheduling.processTasks                                 41,5           9         279        39,7          60

Performance Statistics   2021-11-09 13:01:00 - 2021-11-09 13:02:00
Tag                                                  Avg(ms)         Min         Max     Std Dev       Count
Scheduling.processTasks                                 37,4           7         282        38,1          60

Performance Statistics   2021-11-09 13:02:00 - 2021-11-09 13:03:00
Tag                                                  Avg(ms)         Min         Max     Std Dev       Count
AppFolders                                              18,0          18          18         0,0           1
LoadClass                                                7,0           7           7         0,0           1
Messages.searchClasspath                                 0,0           0          38         0,5       12148
Messages.searchFiles                                     0,0           0          19         0,2       12148
Messages.searchRemotely                                  0,3           0          20         1,4         759
Scheduling.processTasks                                 40,2          12         175        31,8          60

Performance Statistics   2021-11-09 13:11:00 - 2021-11-09 13:12:00
Tag                                                  Avg(ms)         Min         Max     Std Dev       Count
LoadClass                                                0,2           0           1         0,4          18
Messages.searchClasspath                                 0,2           0          15         0,9         666
Messages.searchFiles                                     0,1           0          39         1,5         666
Metadata.replaceExtendedMetaClasses                      2,5           2           3         0,5           4
Scheduling.processTasks                                 95,9          28         296        59,2          25
ViewRepository.init.ExtViewRepositoryImpl               86,0          86          86         0,0           1
ViewRepository.replaceOverridden                         0,0           0           0         0,0          21
WebJARs                                                 14,0          14          14         0,0           1

Performance Statistics   2021-11-09 13:12:00 - 2021-11-09 13:13:00
Tag                                                  Avg(ms)         Min         Max     Std Dev       Count
Scheduling.processTasks                                 55,5          15         421        67,8          60

Performance Statistics   2021-11-09 13:13:00 - 2021-11-09 13:14:00
Tag                                                  Avg(ms)         Min         Max     Std Dev       Count
Scheduling.processTasks                                 39,3          14          97        21,0          60

Performance Statistics   2021-11-09 13:14:00 - 2021-11-09 13:15:00
Tag                                                  Avg(ms)         Min         Max     Std Dev       Count
LoadClass                                               22,0          22          22         0,0           1
Messages.searchClasspath                                 0,4           0         156         6,5         913
Messages.searchFiles                                     0,0           0          36         1,2         913
Messages.searchRemotely                                  1,9           0          37         5,2          56
Scheduling.processTasks                                 62,9          10         176        38,8          60

Performance Statistics   2021-11-09 13:20:00 - 2021-11-09 13:21:00
Tag                                                  Avg(ms)         Min         Max     Std Dev       Count
LoadClass                                                0,1           0           1         0,3          18
Messages.searchClasspath                                 0,2           0          13         0,9         666
Messages.searchFiles                                     0,1           0          35         1,4         666
Metadata.replaceExtendedMetaClasses                      2,3           2           3         0,4           4
Scheduling.processTasks                                135,2          38         445       114,8          22
ViewRepository.init.ExtViewRepositoryImpl               96,0          96          96         0,0           1
ViewRepository.replaceOverridden                         0,0           0           0         0,0          21
WebJARs                                                 14,0          14          14         0,0           1

Performance Statistics   2021-11-09 13:44:00 - 2021-11-09 13:45:00
Tag                                                  Avg(ms)         Min         Max     Std Dev       Count
Messages.searchClasspath                                 0,1           0           8         0,8         144
Messages.searchFiles                                     0,2           0          35         2,9         144
Metadata.replaceExtendedMetaClasses                      2,0           2           2         0,0           1

Performance Statistics   2021-11-09 13:45:00 - 2021-11-09 13:46:00
Tag                                                  Avg(ms)         Min         Max     Std Dev       Count
LoadClass                                                0,3           0           2         0,5          19
Messages.searchClasspath                                 0,1           0          17         0,8        1617
Messages.searchFiles                                     0,0           0           0         0,0        1617
Messages.searchRemotely                                  1,3           0           8         1,6          67
Metadata.replaceExtendedMetaClasses                      2,0           2           2         0,0           3
Scheduling.processTasks                                 83,7          14         782       119,5          42
ViewRepository.init.ExtViewRepositoryImpl               96,0          96          96         0,0           1
ViewRepository.replaceOverridden                         0,0           0           0         0,0          21
WebJARs                                                 15,0          15          15         0,0           1

Performance Statistics   2021-11-09 13:46:00 - 2021-11-09 13:47:00
Tag                                                  Avg(ms)         Min         Max     Std Dev       Count
AppFolders                                            4167,0        4167        4167         0,0           1
LoadClass                                                0,1           0          20         0,7        3183
Messages.searchClasspath                                 0,0           0          37         0,4       25421
Messages.searchFiles                                     0,0           0          12         0,1       25421
Messages.searchRemotely                                  0,5           0          21         1,6        1586
Scheduling.processTasks                                 35,1          11         123        23,6          60
SearchFolders                                           43,0          43          43         0,0           1
Thesis:loadCalendarEvents                                6,0           6           6         0,0           1
Thesis:loadCardDeadlineInfoTree                         24,0          24          24         0,0           1
ViewRepository.init.ViewRepositoryClientImpl           122,0         122         122         0,0           1
ViewRepository.replaceOverridden                         0,1           0           1         0,3          21

Performance Statistics   2021-11-09 13:47:00 - 2021-11-09 13:48:00
Tag                                                  Avg(ms)         Min         Max     Std Dev       Count
Scheduling.processTasks                                 40,3           8         302        45,1          60

Performance Statistics   2021-11-09 13:48:00 - 2021-11-09 13:49:00
Tag                                                  Avg(ms)         Min         Max     Std Dev       Count
LoadClass                                                0,0           0           0         0,0           6
Scheduling.processTasks                                 52,3          14         417        56,0          60

Performance Statistics   2021-11-09 13:55:00 - 2021-11-09 13:56:00
Tag                                                  Avg(ms)         Min         Max     Std Dev       Count
Messages.searchClasspath                                 0,1           0           8         0,6         284
Messages.searchFiles                                     0,2           0          57         3,4         284
Metadata.replaceExtendedMetaClasses                      3,0           3           3         0,0           1

Performance Statistics   2021-11-09 13:56:00 - 2021-11-09 13:57:00
Tag                                                  Avg(ms)         Min         Max     Std Dev       Count
LoadClass                                                0,2           0           1         0,4          18
Messages.searchClasspath                                 0,2           0          13         1,2         382
Messages.searchFiles                                     0,0           0           0         0,0         382
Metadata.replaceExtendedMetaClasses                      3,3           2           5         1,2           3
Scheduling.processTasks                                100,1          11         424        76,5          60
ViewRepository.init.ExtViewRepositoryImpl               81,0          81          81         0,0           1
ViewRepository.replaceOverridden                         0,0           0           0         0,0          21
WebJARs                                                 19,0          19          19         0,0           1

Performance Statistics   2021-11-09 13:57:00 - 2021-11-09 13:58:00
Tag                                                  Avg(ms)         Min         Max     Std Dev       Count
AppFolders                                            4696,0        4696        4696         0,0           1
LoadClass                                                0,1           0          26         0,8        3211
Messages.searchClasspath                                 0,0           0         415         1,3      100281
Messages.searchFiles                                     0,0           0          13         0,1      100280
Messages.searchRemotely                                  0,4           0         418         5,4        6221
Scheduling.processTasks                                 34,1           8         253        37,5          60
SearchFolders                                           48,0          48          48         0,0           1
Thesis:loadCalendarEvents                                4,0           4           4         0,0           1
Thesis:loadCardDeadlineInfoTree                         22,0          22          22         0,0           1
ViewRepository.init.ViewRepositoryClientImpl           107,0         107         107         0,0           1
ViewRepository.replaceOverridden                         0,0           0           0         0,0          21

Performance Statistics   2021-11-09 13:58:00 - 2021-11-09 13:59:00
Tag                                                  Avg(ms)         Min         Max     Std Dev       Count
AppFolders                                              33,0          33          33         0,0           1
CardBrowserDataSource.loadCardActorsInfo                 1,0           1           1         0,0           1
LoadClass                                                0,0           0           0         0,0           1
Messages.searchClasspath                                 0,0           0           7         0,1       14662
Messages.searchFiles                                     0,0           0          12         0,1       14662
Messages.searchRemotely                                  0,2           0          13         1,0         924
Scheduling.processTasks                                 48,0           6         154        37,5          60

Performance Statistics   2021-11-09 13:59:00 - 2021-11-09 14:00:00
Tag                                                  Avg(ms)         Min         Max     Std Dev       Count
Messages.searchClasspath                                 0,1           0          23         1,5         234
Messages.searchFiles                                     0,0           0           0         0,0         234
Messages.searchRemotely                                  2,2           0          26         6,6          14
Scheduling.processTasks                                 52,5          11         373        65,4          60
Thesis:loadCalendarEvents                                2,0           2           2         0,0           1
Thesis:loadCardDeadlineInfoTree                         11,0          11          11         0,0           1

Performance Statistics   2021-11-09 14:00:00 - 2021-11-09 14:01:00
Tag                                                  Avg(ms)         Min         Max     Std Dev       Count
AppFolders                                              14,0          14          14         0,0           1
LoadClass                                                0,0           0           0         0,0          50
Scheduling.processTasks                                 49,1           7         293        67,1          60
Thesis:loadCalendarEvents                                2,0           2           2         0,0           1
Thesis:loadCardDeadlineInfoTree                         10,0          10          10         0,0           1

Performance Statistics   2021-11-09 14:01:00 - 2021-11-09 14:02:00
Tag                                                  Avg(ms)         Min         Max     Std Dev       Count
LoadClass                                                0,0           0           0         0,0          27
Messages.searchClasspath                                 0,0           0           1         0,1          66
Messages.searchFiles                                     0,0           0           0         0,0          66
Messages.searchRemotely                                  0,5           0           2         0,9           4
Scheduling.processTasks                                 25,9           5          82        18,9          60
Thesis:loadCalendarEvents                                2,0           2           2         0,0           1
Thesis:loadCardDeadlineInfoTree                         11,0          11          11         0,0           1

Performance Statistics   2021-11-09 14:02:00 - 2021-11-09 14:03:00
Tag                                                  Avg(ms)         Min         Max     Std Dev       Count
AppFolders                                              17,0          17          17         0,0           1
CardBrowserDataSource.loadCardActorsInfo                 0,0           0           0         0,0           1
LoadClass                                                0,0           0           0         0,0          37
Scheduling.processTasks                                 27,9          10         212        29,5          60
Thesis:loadCalendarEvents                                2,0           2           2         0,0           1
Thesis:loadCardDeadlineInfoTree                          9,0           9           9         0,0           1

Performance Statistics   2021-11-09 14:03:00 - 2021-11-09 14:04:00
Tag                                                  Avg(ms)         Min         Max     Std Dev       Count
AppFolders                                              16,0          16          16         0,0           1
Scheduling.processTasks                                 23,2           7          74        15,2          60

Performance Statistics   2021-11-09 14:04:00 - 2021-11-09 14:05:00
Tag                                                  Avg(ms)         Min         Max     Std Dev       Count
Scheduling.processTasks                                 32,8           6         155        29,6          60

Performance Statistics   2021-11-09 14:18:00 - 2021-11-09 14:19:00
Tag                                                  Avg(ms)         Min         Max     Std Dev       Count
LoadClass                                                0,2           0           3         0,6          75
Messages.searchClasspath                                 0,1           0          81         1,0       10069
Messages.searchFiles                                     0,0           0          34         0,4       10069
Messages.searchRemotely                                  1,0           0          46         2,6         576
Metadata.replaceExtendedMetaClasses                      2,8           2           3         0,4           4
Scheduling.processTasks                                105,7          18         676       126,8          32
Thesis:loadCalendarEvents                                8,0           8           8         0,0           1
Thesis:loadCardDeadlineInfoTree                         36,0          36          36         0,0           1
ViewRepository.init.ExtViewRepositoryImpl               88,0          88          88         0,0           1
ViewRepository.init.ViewRepositoryClientImpl            85,0          85          85         0,0           1
ViewRepository.replaceOverridden                         0,0           0           0         0,0          42
WebJARs                                                 14,0          14          14         0,0           1

Performance Statistics   2021-11-09 14:19:00 - 2021-11-09 14:20:00
Tag                                                  Avg(ms)         Min         Max     Std Dev       Count
AppFolders                                            2293,0          57        4529      2236,0           2
CardBrowserDataSource.loadCardActorsInfo                80,0          80          80         0,0           1
LoadClass                                                0,1           0          28         0,8        3199
Messages.searchClasspath                                 0,0           0          43         0,3      104973
Messages.searchFiles                                     0,0           0          20         0,1      104973
Messages.searchRemotely                                  0,3           0          27         1,0        6534
Scheduling.processTasks                                 35,6          13         204        33,4          60
SearchFolders                                           40,0          40          40         0,0           1

Performance Statistics   2021-11-09 14:20:00 - 2021-11-09 14:21:00
Tag                                                  Avg(ms)         Min         Max     Std Dev       Count
Messages.searchClasspath                                 0,1           0           3         0,4          66
Messages.searchFiles                                     0,0           0           0         0,0          66
Messages.searchRemotely                                  1,3           0           5         2,2           4
Scheduling.processTasks                                 35,3          11         200        33,0          60

Performance Statistics   2021-11-09 14:21:00 - 2021-11-09 14:22:00
Tag                                                  Avg(ms)         Min         Max     Std Dev       Count
Scheduling.processTasks                                 29,5           7         112        24,4          60

Performance Statistics   2021-11-09 14:22:00 - 2021-11-09 14:23:00
Tag                                                  Avg(ms)         Min         Max     Std Dev       Count
AppFolders                                              12,0          12          12         0,0           1
Scheduling.processTasks                                 21,0           6          72        14,9          60

Performance Statistics   2021-11-09 14:23:00 - 2021-11-09 14:24:00
Tag                                                  Avg(ms)         Min         Max     Std Dev       Count
Scheduling.processTasks                                 27,6          11         194        28,0          60

Performance Statistics   2021-11-09 14:24:00 - 2021-11-09 14:25:00
Tag                                                  Avg(ms)         Min         Max     Std Dev       Count
Scheduling.processTasks                                 19,3           8          76        14,5          60

Performance Statistics   2021-11-09 14:25:00 - 2021-11-09 14:26:00
Tag                                                  Avg(ms)         Min         Max     Std Dev       Count
AppFolders                                              15,0          15          15         0,0           1
Scheduling.processTasks                                 25,1           6         106        22,2          60

Performance Statistics   2021-11-09 14:26:00 - 2021-11-09 14:27:00
Tag                                                  Avg(ms)         Min         Max     Std Dev       Count
Scheduling.processTasks                                 31,6          11         116        27,8          60

Performance Statistics   2021-11-09 14:38:00 - 2021-11-09 14:39:00
Tag                                                  Avg(ms)         Min         Max     Std Dev       Count
Messages.searchClasspath                                 0,3           0          36         2,2         298
Messages.searchFiles                                     0,2           0          64         3,7         298
Metadata.replaceExtendedMetaClasses                      2,5           2           3         0,5           2
Scheduling.processTasks                                 87,7          56         141        37,9           3
ViewRepository.init.ExtViewRepositoryImpl               95,0          95          95         0,0           1
ViewRepository.replaceOverridden                         0,0           0           1         0,2          21

Performance Statistics   2021-11-09 14:39:00 - 2021-11-09 14:40:00
Tag                                                  Avg(ms)         Min         Max     Std Dev       Count
LoadClass                                                0,3           0           2         0,6          19
Messages.searchClasspath                                 0,2           0          48         2,2        1470
Messages.searchFiles                                     0,0           0          19         0,5        1470
Messages.searchRemotely                                  3,6           0         120        14,7          67
Metadata.replaceExtendedMetaClasses                      2,5           2           3         0,5           2
Scheduling.processTasks                                 64,7          16         512        91,9          62
WebJARs                                                 14,0          14          14         0,0           1

Performance Statistics   2021-11-09 14:40:00 - 2021-11-09 14:41:00
Tag                                                  Avg(ms)         Min         Max     Std Dev       Count
AppFolders                                            5003,0        5003        5003         0,0           1
LoadClass                                                0,1           0          13         0,5        3193
Messages.searchClasspath                                 0,0           0          22         0,3       52896
Messages.searchFiles                                     0,0           0          25         0,1       52898
Messages.searchRemotely                                  0,4           0          35         1,6        3293
Scheduling.processTasks                                 34,3          12         137        28,9          60
SearchFolders                                           35,0          35          35         0,0           1
Thesis:loadCalendarEvents                                4,0           4           4         0,0           1
Thesis:loadCardDeadlineInfoTree                         55,0          55          55         0,0           1
ViewRepository.init.ViewRepositoryClientImpl           183,0         183         183         0,0           1
ViewRepository.replaceOverridden                         0,4           0           5         1,1          21

Performance Statistics   2021-11-09 14:58:00 - 2021-11-09 14:59:00
Tag                                                  Avg(ms)         Min         Max     Std Dev       Count
LoadClass                                                0,2           0           1         0,4          18
Messages.searchClasspath                                 0,2           0          15         1,2         929
Messages.searchFiles                                     0,0           0          19         0,7         929
Messages.searchRemotely                                  5,7           0          54        12,6          16
Metadata.replaceExtendedMetaClasses                      2,5           2           3         0,5           4
Scheduling.processTasks                                 49,4          16         419        88,1          19
ViewRepository.init.ExtViewRepositoryImpl              104,0         104         104         0,0           1
ViewRepository.replaceOverridden                         0,0           0           0         0,0          21
WebJARs                                                 16,0          16          16         0,0           1

Performance Statistics   2021-11-09 14:59:00 - 2021-11-09 15:00:00
Tag                                                  Avg(ms)         Min         Max     Std Dev       Count
AppFolders                                            4551,0        4551        4551         0,0           1
LoadClass                                                0,1           0          23         0,8        3184
Messages.searchClasspath                                 0,0           0          27         0,3       66443
Messages.searchFiles                                     0,0           0          23         0,1       66443
Messages.searchRemotely                                  0,4           0          24         1,2        4135
Scheduling.processTasks                                 28,8           8         167        25,7          60
SearchFolders                                           55,0          55          55         0,0           1
Thesis:loadCalendarEvents                                6,0           6           6         0,0           1
Thesis:loadCardDeadlineInfoTree                         23,0          23          23         0,0           1
ViewRepository.init.ViewRepositoryClientImpl           125,0         125         125         0,0           1
ViewRepository.replaceOverridden                         0,3           0           3         0,7          21

Performance Statistics   2021-11-09 15:00:00 - 2021-11-09 15:01:00
Tag                                                  Avg(ms)         Min         Max     Std Dev       Count
CardBrowserDataSource.loadCardActorsInfo                66,0          66          66         0,0           1
LoadClass                                                1,1           0          11         3,1          11
Messages.searchClasspath                                 0,0           0          22         0,3       22772
Messages.searchFiles                                     0,0           0           9         0,1       22772
Messages.searchRemotely                                  0,3           0          15         1,2        1429
Scheduling.processTasks                                 32,1          12         217        31,3          60

Performance Statistics   2021-11-09 15:01:00 - 2021-11-09 15:02:00
Tag                                                  Avg(ms)         Min         Max     Std Dev       Count
Scheduling.processTasks                                 24,3          10          79        18,0          60

Performance Statistics   2021-11-09 15:12:00 - 2021-11-09 15:13:00
Tag                                                  Avg(ms)         Min         Max     Std Dev       Count
LoadClass                                                0,1           0          15         0,5        2863
Messages.searchClasspath                                 0,0           0          21         0,5       10070
Messages.searchFiles                                     0,0           0          14         0,1       10070
Messages.searchRemotely                                  1,0           0          47         2,6         576
Metadata.replaceExtendedMetaClasses                      2,3           2           3         0,4           4
Scheduling.processTasks                                 54,2           9         201        44,0          31
Thesis:loadCalendarEvents                                4,0           4           4         0,0           1
Thesis:loadCardDeadlineInfoTree                         45,0          45          45         0,0           1
ViewRepository.init.ExtViewRepositoryImpl              106,0         106         106         0,0           1
ViewRepository.init.ViewRepositoryClientImpl           107,0         107         107         0,0           1
ViewRepository.replaceOverridden                         0,1           0           2         0,4          42
WebJARs                                                 14,0          14          14         0,0           1

Performance Statistics   2021-11-09 15:13:00 - 2021-11-09 15:14:00
Tag                                                  Avg(ms)         Min         Max     Std Dev       Count
AppFolders                                            4489,0        4489        4489         0,0           1
CardBrowserDataSource.loadCardActorsInfo                66,0          66          66         0,0           1
LoadClass                                                0,2           0          12         0,9         367
Messages.searchClasspath                                 0,0           0          57         0,3      105326
Messages.searchFiles                                     0,0           0          56         0,2      105326
Messages.searchRemotely                                  0,3           0          57         1,2        6556
Scheduling.processTasks                                 28,2           7         118        19,1          60
SearchFolders                                          149,0         149         149         0,0           1

Performance Statistics   2021-11-09 15:23:00 - 2021-11-09 15:24:00
Tag                                                  Avg(ms)         Min         Max     Std Dev       Count
Messages.searchClasspath                                 0,1           0           8         0,6         284
Messages.searchFiles                                     0,1           0          16         0,9         284
Metadata.replaceExtendedMetaClasses                      4,0           4           4         0,0           1

Performance Statistics   2021-11-09 15:24:00 - 2021-11-09 15:25:00
Tag                                                  Avg(ms)         Min         Max     Std Dev       Count
LoadClass                                                0,4           0           3         0,7          19
Messages.searchClasspath                                 0,2           0          27         1,2        1477
Messages.searchFiles                                     0,0           0           2         0,1        1477
Messages.searchRemotely                                  1,9           0          14         2,3          67
Metadata.replaceExtendedMetaClasses                      2,3           2           3         0,5           3
Scheduling.processTasks                                 51,7          13         722       103,1          60
ViewRepository.init.ExtViewRepositoryImpl               91,0          91          91         0,0           1
ViewRepository.replaceOverridden                         0,0           0           0         0,0          21
WebJARs                                                 28,0          28          28         0,0           1

Performance Statistics   2021-11-09 15:25:00 - 2021-11-09 15:26:00
Tag                                                  Avg(ms)         Min         Max     Std Dev       Count
AppFolders                                            4203,0        4203        4203         0,0           1
LoadClass                                                0,1           0          16         0,5        3170
Messages.searchClasspath                                 0,0           0          13         0,3       12942
Messages.searchFiles                                     0,0           0           3         0,0       12942
Messages.searchRemotely                                  0,8           0          20         1,7         807
Scheduling.processTasks                                 24,3           9          96        19,4          60
SearchFolders                                           46,0          46          46         0,0           1
Thesis:loadCalendarEvents                                5,0           5           5         0,0           1
Thesis:loadCardDeadlineInfoTree                         25,0          25          25         0,0           1
ViewRepository.init.ViewRepositoryClientImpl           111,0         111         111         0,0           1
ViewRepository.replaceOverridden                         0,0           0           0         0,0          21

Performance Statistics   2021-11-09 15:26:00 - 2021-11-09 15:27:00
Tag                                                  Avg(ms)         Min         Max     Std Dev       Count
Scheduling.processTasks                                 20,8           7          86        15,6          60

Performance Statistics   2021-11-09 15:47:00 - 2021-11-09 15:48:00
Tag                                                  Avg(ms)         Min         Max     Std Dev       Count
LoadClass                                                0,2           0           1         0,4          18
Messages.searchClasspath                                 0,2           0          21         1,1         659
Messages.searchFiles                                     0,1           0          35         1,4         659
Metadata.replaceExtendedMetaClasses                      2,8           2           3         0,4           4
Scheduling.processTasks                                 53,8          17         302        66,3          26
ViewRepository.init.ExtViewRepositoryImpl              101,0         101         101         0,0           1
ViewRepository.replaceOverridden                         0,0           0           0         0,0          21
WebJARs                                                 18,0          18          18         0,0           1

Performance Statistics   2021-11-09 15:48:00 - 2021-11-09 15:49:00
Tag                                                  Avg(ms)         Min         Max     Std Dev       Count
AppFolders                                            4725,0        4725        4725         0,0           1
LoadClass                                                0,1           0          20         0,7        3198
Messages.searchClasspath                                 0,0           0          31         0,4       51567
Messages.searchFiles                                     0,0           0          15         0,1       51567
Messages.searchRemotely                                  0,5           0          31         1,6        3188
Scheduling.processTasks                                 27,6           7         118        17,0          60
SearchFolders                                           36,0          36          36         0,0           1
Thesis:loadCalendarEvents                                4,0           4           4         0,0           1
Thesis:loadCardDeadlineInfoTree                         27,0          27          27         0,0           1
ViewRepository.init.ViewRepositoryClientImpl            89,0          89          89         0,0           1
ViewRepository.replaceOverridden                         0,0           0           0         0,0          21

Performance Statistics   2021-11-09 16:03:00 - 2021-11-09 16:04:00
Tag                                                  Avg(ms)         Min         Max     Std Dev       Count
LoadClass                                                0,4           0           4         0,9          19
Messages.searchClasspath                                 0,4           0         165         4,9        1761
Messages.searchFiles                                     0,0           0          17         0,5        1761
Messages.searchRemotely                                  3,4           0          47         7,0          67
Metadata.replaceExtendedMetaClasses                      2,8           2           3         0,4           4
Scheduling.processTasks                                110,1          17         364        86,4          25
ViewRepository.init.ExtViewRepositoryImpl               88,0          88          88         0,0           1
ViewRepository.replaceOverridden                         0,0           0           0         0,0          21
WebJARs                                                 15,0          15          15         0,0           1

Performance Statistics   2021-11-09 16:04:00 - 2021-11-09 16:05:00
Tag                                                  Avg(ms)         Min         Max     Std Dev       Count
AppFolders                                            4294,0        4294        4294         0,0           1
LoadClass                                                0,1           0          11         0,4        3171
Messages.searchClasspath                                 0,0           0          37         0,4       25164
Messages.searchFiles                                     0,0           0           9         0,1       25164
Messages.searchRemotely                                  0,5           0          19         1,4        1570
Scheduling.processTasks                                 37,0           9         147        28,1          60
SearchFolders                                           36,0          36          36         0,0           1
Thesis:loadCalendarEvents                                5,0           5           5         0,0           1
Thesis:loadCardDeadlineInfoTree                         27,0          27          27         0,0           1
ViewRepository.init.ViewRepositoryClientImpl           113,0         113         113         0,0           1
ViewRepository.replaceOverridden                         0,4           0           3         0,9          21

Performance Statistics   2021-11-09 16:05:00 - 2021-11-09 16:06:00
Tag                                                  Avg(ms)         Min         Max     Std Dev       Count
Scheduling.processTasks                                 28,2          12          86        19,2          60
Thesis:loadCalendarEvents                                3,0           3           3         0,0           1
Thesis:loadCardDeadlineInfoTree                         29,0          29          29         0,0           1

Performance Statistics   2021-11-09 16:06:00 - 2021-11-09 16:07:00
Tag                                                  Avg(ms)         Min         Max     Std Dev       Count
LoadClass                                                1,8           0          20         3,9          27
Messages.searchClasspath                                 0,0           0          25         0,3       36288
Messages.searchFiles                                     0,0           0          12         0,1       36288
Messages.searchRemotely                                  0,3           0          19         1,2        2249
Scheduling.processTasks                                 28,2          10          87        19,7          60

Performance Statistics   2021-11-09 16:07:00 - 2021-11-09 16:08:00
Tag                                                  Avg(ms)         Min         Max     Std Dev       Count
AppFolders                                              20,7           9          30         8,7           3
CardBrowserDataSource.loadCardActorsInfo                59,0          59          59         0,0           1
LoadClass                                                0,3           0          20         2,2          81
Messages.searchClasspath                                 0,0           0          17         0,1       52642
Messages.searchFiles                                     0,0           0          15         0,1       52642
Messages.searchRemotely                                  0,2           0          16         0,8        3274
Scheduling.processTasks                                 35,9           6         263        38,8          60
Thesis:loadCalendarEvents                                2,0           2           2         0,0           1
Thesis:loadCardDeadlineInfoTree                         15,0          15          15         0,0           1

Performance Statistics   2021-11-09 16:08:00 - 2021-11-09 16:09:00
Tag                                                  Avg(ms)         Min         Max     Std Dev       Count
Scheduling.processTasks                                 26,6           6         120        21,6          60

Performance Statistics   2021-11-09 16:09:00 - 2021-11-09 16:10:00
Tag                                                  Avg(ms)         Min         Max     Std Dev       Count
Scheduling.processTasks                                 29,5           8         110        26,9          60

Performance Statistics   2021-11-09 16:10:00 - 2021-11-09 16:11:00
Tag                                                  Avg(ms)         Min         Max     Std Dev       Count
AppFolders                                              15,0          15          15         0,0           1
Scheduling.processTasks                                 24,5           6          79        17,3          60

Performance Statistics   2021-11-09 16:37:00 - 2021-11-09 16:38:00
Tag                                                  Avg(ms)         Min         Max     Std Dev       Count
Messages.searchClasspath                                 0,2           0          11         1,0         144
Messages.searchFiles                                     0,2           0          31         2,6         144

Performance Statistics   2021-11-09 16:38:00 - 2021-11-09 16:39:00
Tag                                                  Avg(ms)         Min         Max     Std Dev       Count
LoadClass                                                0,1           0          11         0,6         718
Messages.searchClasspath                                 0,1           0          38         0,7        9932
Messages.searchFiles                                     0,0           0          25         0,3        9932
Messages.searchRemotely                                  1,2           0          88         4,3         576
Metadata.replaceExtendedMetaClasses                      2,8           2           3         0,4           4
Scheduling.processTasks                                106,6          17         378        83,3          32
Thesis:loadCalendarEvents                                4,0           4           4         0,0           1
Thesis:loadCardDeadlineInfoTree                         30,0          30          30         0,0           1
ViewRepository.init.ExtViewRepositoryImpl               97,0          97          97         0,0           1
ViewRepository.init.ViewRepositoryClientImpl            95,0          95          95         0,0           1
ViewRepository.replaceOverridden                         0,0           0           0         0,0          42
WebJARs                                                 14,0          14          14         0,0           1

Performance Statistics   2021-11-09 16:39:00 - 2021-11-09 16:40:00
Tag                                                  Avg(ms)         Min         Max     Std Dev       Count
AppFolders                                            6772,0        6772        6772         0,0           1
CardBrowserDataSource.loadCardActorsInfo                80,0          80          80         0,0           1
LoadClass                                                0,3           0          59         2,0        2485
Messages.searchClasspath                                 0,0           0          59         0,4       80069
Messages.searchFiles                                     0,0           0          35         0,2       80069
Messages.searchRemotely                                  0,3           0          36         1,3        5004
Scheduling.processTasks                                 56,3          14         315        58,6          60
SearchFolders                                           39,0          39          39         0,0           1

Performance Statistics   2021-11-09 16:46:00 - 2021-11-09 16:47:00
Tag                                                  Avg(ms)         Min         Max     Std Dev       Count
Messages.searchClasspath                                 0,2           0          11         1,1         144
Messages.searchFiles                                     0,3           0          38         3,2         144

Performance Statistics   2021-11-09 16:47:00 - 2021-11-09 16:48:00
Tag                                                  Avg(ms)         Min         Max     Std Dev       Count
LoadClass                                                0,4           0           3         0,7          20
Messages.searchClasspath                                 0,3           0          60         2,3        1623
Messages.searchFiles                                     0,0           0           3         0,1        1623
Messages.searchRemotely                                  5,7           0         185        23,8          67
Metadata.replaceExtendedMetaClasses                      3,0           3           3         0,0           4
Scheduling.processTasks                                 75,9          12         281        66,3          35
ViewRepository.init.ExtViewRepositoryImpl               94,0          94          94         0,0           1
ViewRepository.replaceOverridden                         0,1           0           1         0,3          21
WebJARs                                                 15,0          15          15         0,0           1

Performance Statistics   2021-11-09 16:48:00 - 2021-11-09 16:49:00
Tag                                                  Avg(ms)         Min         Max     Std Dev       Count
AppFolders                                            4192,0        4192        4192         0,0           1
CardBrowserDataSource.loadCardActorsInfo                70,0          70          70         0,0           1
LoadClass                                                0,1           0          50         1,1        3189
Messages.searchClasspath                                 0,0           0          24         0,2       89097
Messages.searchFiles                                     0,0           0          14         0,1       89097
Messages.searchRemotely                                  0,3           0          24         1,1        5547
Scheduling.processTasks                                 33,5          10         117        21,7          60
SearchFolders                                           43,0          43          43         0,0           1
Thesis:loadCalendarEvents                                4,0           4           4         0,0           1
Thesis:loadCardDeadlineInfoTree                         32,0          32          32         0,0           1
ViewRepository.init.ViewRepositoryClientImpl           104,0         104         104         0,0           1
ViewRepository.replaceOverridden                         0,0           0           0         0,0          21

Performance Statistics   2021-11-09 16:52:00 - 2021-11-09 16:53:00
Tag                                                  Avg(ms)         Min         Max     Std Dev       Count
AppFolders                                            4215,0        4215        4215         0,0           1
LoadClass                                                0,1           0          15         0,5        3189
Messages.searchClasspath                                 0,1           0          51         0,8       14590
Messages.searchFiles                                     0,0           0          35         0,3       14590
Messages.searchRemotely                                  1,0           0          86         3,5         863
Metadata.replaceExtendedMetaClasses                      2,3           2           3         0,4           4
Scheduling.processTasks                                 69,5          17         506       103,1          33
SearchFolders                                           39,0          39          39         0,0           1
Thesis:loadCalendarEvents                                4,0           4           4         0,0           1
Thesis:loadCardDeadlineInfoTree                         42,0          42          42         0,0           1
ViewRepository.init.ExtViewRepositoryImpl               92,0          92          92         0,0           1
ViewRepository.init.ViewRepositoryClientImpl           103,0         103         103         0,0           1
ViewRepository.replaceOverridden                         0,1           0           3         0,6          42
WebJARs                                                 14,0          14          14         0,0           1

Performance Statistics   2021-11-09 16:53:00 - 2021-11-09 16:54:00
Tag                                                  Avg(ms)         Min         Max     Std Dev       Count
CardBrowserDataSource.loadCardActorsInfo                84,0          84          84         0,0           1
LoadClass                                                1,4           0          17         3,6          41
Messages.searchClasspath                                 0,0           0          33         0,3      100805
Messages.searchFiles                                     0,0           0          24         0,1      100805
Messages.searchRemotely                                  0,2           0          26         1,1        6269
Scheduling.processTasks                                 30,0           8         139        21,4          60

Performance Statistics   2021-11-09 16:57:00 - 2021-11-09 16:58:00
Tag                                                  Avg(ms)         Min         Max     Std Dev       Count
Messages.searchClasspath                                 1,5           0         190        14,5         564
Messages.searchFiles                                     0,1           0          57         2,4         564
Metadata.replaceExtendedMetaClasses                      3,5           3           4         0,5           2
Scheduling.processTasks                                135,6          58         331        71,9          16
ViewRepository.init.ExtViewRepositoryImpl              126,0         126         126         0,0           1
ViewRepository.replaceOverridden                         0,4           0           6         1,3          21

Performance Statistics   2021-11-09 16:58:00 - 2021-11-09 16:59:00
Tag                                                  Avg(ms)         Min         Max     Std Dev       Count
AppFolders                                            5541,0        5541        5541         0,0           1
LoadClass                                                0,1           0          41         1,0        3189
Messages.searchClasspath                                 0,0           0          73         0,8       14140
Messages.searchFiles                                     0,0           0          14         0,2       14140
Messages.searchRemotely                                  0,9           0         159         5,7         874
Metadata.replaceExtendedMetaClasses                      2,5           2           3         0,5           2
Scheduling.processTasks                                105,8          16         648       116,8          60
SearchFolders                                           38,0          38          38         0,0           1
Thesis:loadCalendarEvents                                7,0           7           7         0,0           1
Thesis:loadCardDeadlineInfoTree                         48,0          48          48         0,0           1
ViewRepository.init.ViewRepositoryClientImpl           231,0         231         231         0,0           1
ViewRepository.replaceOverridden                         1,7           0          23         5,1          21
WebJARs                                                 18,0          18          18         0,0           1

Performance Statistics   2021-11-09 17:01:00 - 2021-11-09 17:02:00
Tag                                                  Avg(ms)         Min         Max     Std Dev       Count
Messages.searchClasspath                                 0,2           0           9         0,9         144
Messages.searchFiles                                     0,2           0          34         2,8         144
Metadata.replaceExtendedMetaClasses                      3,0           3           3         0,0           1

Performance Statistics   2021-11-09 17:08:00 - 2021-11-09 17:09:00
Tag                                                  Avg(ms)         Min         Max     Std Dev       Count
Messages.searchClasspath                                 0,2           0           9         0,9         144
Messages.searchFiles                                     0,1           0          18         1,5         144
Metadata.replaceExtendedMetaClasses                      3,0           3           3         0,0           1

Performance Statistics   2021-11-09 17:10:00 - 2021-11-09 17:11:00
Tag                                                  Avg(ms)         Min         Max     Std Dev       Count
LoadClass                                                0,3           0           1         0,4          18
Messages.searchClasspath                                 0,1           0          15         0,9         652
Messages.searchFiles                                     0,0           0          14         0,5         652
Metadata.replaceExtendedMetaClasses                      2,0           2           2         0,0           4
WebJARs                                                 15,0          15          15         0,0           1

Performance Statistics   2021-11-09 17:11:00 - 2021-11-09 17:12:00
Tag                                                  Avg(ms)         Min         Max     Std Dev       Count

Performance Statistics   2021-11-09 17:12:00 - 2021-11-09 17:13:00
Tag                                                  Avg(ms)         Min         Max     Std Dev       Count

Performance Statistics   2021-11-09 17:13:00 - 2021-11-09 17:14:00
Tag                                                  Avg(ms)         Min         Max     Std Dev       Count
Messages.searchClasspath                                 0,0           0           0         0,0           1
Messages.searchFiles                                     0,0           0           0         0,0           1
Messages.searchRemotely                                  0,0           0           0         0,0           1

Performance Statistics   2021-11-09 17:22:00 - 2021-11-09 17:23:00
Tag                                                  Avg(ms)         Min         Max     Std Dev       Count
LoadClass                                                0,3           0           2         0,6          19
Messages.searchClasspath                                 0,3           0          74         2,6        1760
Messages.searchFiles                                     0,0           0          14         0,4        1760
Messages.searchRemotely                                  2,9           0          55         7,2          67
Metadata.replaceExtendedMetaClasses                      2,5           2           3         0,5           4
Scheduling.processTasks                                128,9          26         553       131,6          21
ViewRepository.init.ExtViewRepositoryImpl               99,0          99          99         0,0           1
ViewRepository.replaceOverridden                         0,0           0           0         0,0          21
WebJARs                                                 14,0          14          14         0,0           1

Performance Statistics   2021-11-09 17:23:00 - 2021-11-09 17:24:00
Tag                                                  Avg(ms)         Min         Max     Std Dev       Count
AppFolders                                            1651,7          27        4857      2266,6           3
CardBrowserDataSource.loadCardActorsInfo                48,0          48          48         0,0           1
LoadClass                                                0,1           0          30         0,8        3255
Messages.searchClasspath                                 0,0           0          75         0,4      113398
Messages.searchFiles                                     0,0           0          36         0,2      113398
Messages.searchRemotely                                  0,3           0          80         1,8        7050
Scheduling.processTasks                                 52,1           6         501        75,0          59
SearchFolders                                           72,0          72          72         0,0           1
Thesis:loadCalendarEvents                               10,0           3          17         7,0           2
Thesis:loadCardDeadlineInfoTree                         30,0          19          41        11,0           2
ViewRepository.init.ViewRepositoryClientImpl           107,0         107         107         0,0           1
ViewRepository.replaceOverridden                         0,1           0           2         0,4          21

Performance Statistics   2021-11-09 17:24:00 - 2021-11-09 17:25:00
Tag                                                  Avg(ms)         Min         Max     Std Dev       Count
Scheduling.processTasks                                 63,3          12         297        59,6          60

Performance Statistics   2021-11-09 17:25:00 - 2021-11-09 17:26:00
Tag                                                  Avg(ms)         Min         Max     Std Dev       Count
Scheduling.processTasks                                 27,6           8          94        18,4          60

Performance Statistics   2021-11-09 17:26:00 - 2021-11-09 17:27:00
Tag                                                  Avg(ms)         Min         Max     Std Dev       Count
AppFolders                                              13,0          13          13         0,0           1
Scheduling.processTasks                                 28,4           6         213        30,3          60

Performance Statistics   2021-11-09 17:27:00 - 2021-11-09 17:28:00
Tag                                                  Avg(ms)         Min         Max     Std Dev       Count
Scheduling.processTasks                                 22,1          11          89        17,2          60

Performance Statistics   2021-11-09 17:28:00 - 2021-11-09 17:29:00
Tag                                                  Avg(ms)         Min         Max     Std Dev       Count
Scheduling.processTasks                                 25,0           7         118        20,6          60

Performance Statistics   2021-11-09 17:29:00 - 2021-11-09 17:30:00
Tag                                                  Avg(ms)         Min         Max     Std Dev       Count
AppFolders                                              16,0          16          16         0,0           1
Scheduling.processTasks                                 26,3           6         197        26,6          60

Performance Statistics   2021-11-09 17:30:00 - 2021-11-09 17:31:00
Tag                                                  Avg(ms)         Min         Max     Std Dev       Count
Scheduling.processTasks                                 53,9           8         385        60,7          60

Performance Statistics   2021-11-09 17:31:00 - 2021-11-09 17:32:00
Tag                                                  Avg(ms)         Min         Max     Std Dev       Count
Scheduling.processTasks                                 24,2           6          84        18,8          60

Performance Statistics   2021-11-09 17:32:00 - 2021-11-09 17:33:00
Tag                                                  Avg(ms)         Min         Max     Std Dev       Count
AppFolders                                              11,0          11          11         0,0           1
Scheduling.processTasks                                 24,9           5         121        21,1          60

Performance Statistics   2021-11-09 17:33:00 - 2021-11-09 17:34:00
Tag                                                  Avg(ms)         Min         Max     Std Dev       Count
Scheduling.processTasks                                 23,1           8         138        22,2          60

Performance Statistics   2021-11-09 17:34:00 - 2021-11-09 17:35:00
Tag                                                  Avg(ms)         Min         Max     Std Dev       Count
Scheduling.processTasks                                 26,7           5          85        21,8          60

Performance Statistics   2021-11-09 17:35:00 - 2021-11-09 17:36:00
Tag                                                  Avg(ms)         Min         Max     Std Dev       Count
AppFolders                                              18,0          18          18         0,0           1
Scheduling.processTasks                                 33,6          10          90        22,4          60

Performance Statistics   2021-11-09 17:36:00 - 2021-11-09 17:37:00
Tag                                                  Avg(ms)         Min         Max     Std Dev       Count
Scheduling.processTasks                                 39,6           8         130        28,2          60

Performance Statistics   2021-11-09 17:37:00 - 2021-11-09 17:38:00
Tag                                                  Avg(ms)         Min         Max     Std Dev       Count
Scheduling.processTasks                                 28,0           5          97        20,4          60

Performance Statistics   2021-11-09 17:38:00 - 2021-11-09 17:39:00
Tag                                                  Avg(ms)         Min         Max     Std Dev       Count
AppFolders                                              13,0          13          13         0,0           1
Scheduling.processTasks                                 26,5           9         110        21,1          60

Performance Statistics   2021-11-09 17:39:00 - 2021-11-09 17:40:00
Tag                                                  Avg(ms)         Min         Max     Std Dev       Count
Scheduling.processTasks                                 24,9           6          81        18,6          60

Performance Statistics   2021-11-09 17:40:00 - 2021-11-09 17:41:00
Tag                                                  Avg(ms)         Min         Max     Std Dev       Count
Scheduling.processTasks                                 34,2          10         234        34,4          60

Performance Statistics   2021-11-09 17:41:00 - 2021-11-09 17:42:00
Tag                                                  Avg(ms)         Min         Max     Std Dev       Count
AppFolders                                              11,0          11          11         0,0           1
Scheduling.processTasks                                 28,7           8         126        25,9          60

Performance Statistics   2021-11-09 17:42:00 - 2021-11-09 17:43:00
Tag                                                  Avg(ms)         Min         Max     Std Dev       Count
Scheduling.processTasks                                 24,1           5         110        21,1          60

Performance Statistics   2021-11-09 17:43:00 - 2021-11-09 17:44:00
Tag                                                  Avg(ms)         Min         Max     Std Dev       Count
Scheduling.processTasks                                 20,8          10          85        16,5          60

Performance Statistics   2021-11-09 17:44:00 - 2021-11-09 17:45:00
Tag                                                  Avg(ms)         Min         Max     Std Dev       Count
AppFolders                                              12,0          12          12         0,0           1
Scheduling.processTasks                                 20,9           6         100        17,7          60

Performance Statistics   2021-11-09 17:45:00 - 2021-11-09 17:46:00
Tag                                                  Avg(ms)         Min         Max     Std Dev       Count
Scheduling.processTasks                                 18,5           5          70        12,6          60

Performance Statistics   2021-11-09 17:46:00 - 2021-11-09 17:47:00
Tag                                                  Avg(ms)         Min         Max     Std Dev       Count
Scheduling.processTasks                                 26,2           8          92        20,0          60

Performance Statistics   2021-11-09 17:47:00 - 2021-11-09 17:48:00
Tag                                                  Avg(ms)         Min         Max     Std Dev       Count
AppFolders                                              11,0          11          11         0,0           1
Scheduling.processTasks                                 19,6           5          82        16,6          60

Performance Statistics   2021-11-09 17:48:00 - 2021-11-09 17:49:00
Tag                                                  Avg(ms)         Min         Max     Std Dev       Count
Scheduling.processTasks                                 21,3           9          78        15,4          60

Performance Statistics   2021-11-09 17:49:00 - 2021-11-09 17:50:00
Tag                                                  Avg(ms)         Min         Max     Std Dev       Count
Scheduling.processTasks                                 28,7           7         124        24,2          60

Performance Statistics   2021-11-09 17:50:00 - 2021-11-09 17:51:00
Tag                                                  Avg(ms)         Min         Max     Std Dev       Count
AppFolders                                              11,0          11          11         0,0           1
Scheduling.processTasks                                 32,7           5         432        68,8          60

Performance Statistics   2021-11-09 17:51:00 - 2021-11-09 17:52:00
Tag                                                  Avg(ms)         Min         Max     Std Dev       Count
Scheduling.processTasks                                 34,3           9         127        26,5          60

Performance Statistics   2021-11-09 18:01:00 - 2021-11-09 18:02:00
Tag                                                  Avg(ms)         Min         Max     Std Dev       Count
Messages.searchClasspath                                 0,2           0          10         1,0         144
Messages.searchFiles                                     0,3           0          38         3,2         144

Performance Statistics   2021-11-09 18:02:00 - 2021-11-09 18:03:00
Tag                                                  Avg(ms)         Min         Max     Std Dev       Count
LoadClass                                                0,3           0           2         0,6          20
Messages.searchClasspath                                 0,1           0          19         0,9        1611
Messages.searchFiles                                     0,0           0           3         0,1        1611
Messages.searchRemotely                                  2,9           0          97        11,8          67
Metadata.replaceExtendedMetaClasses                      2,8           2           3         0,4           4
Scheduling.processTasks                                 78,2          18         355        59,2          33
ViewRepository.init.ExtViewRepositoryImpl               88,0          88          88         0,0           1
ViewRepository.replaceOverridden                         0,0           0           0         0,0          21
WebJARs                                                 16,0          16          16         0,0           1

Performance Statistics   2021-11-09 18:03:00 - 2021-11-09 18:04:00
Tag                                                  Avg(ms)         Min         Max     Std Dev       Count
AppFolders                                            4586,0        4586        4586         0,0           1
LoadClass                                                0,1           0          13         0,4        3169
Messages.searchClasspath                                 0,1           0         204         2,7       12949
Messages.searchFiles                                     0,0           0         556         4,9       12949
Messages.searchRemotely                                  2,5           0         557        24,6         807
Scheduling.processTasks                                 38,5           9         261        44,9          60
SearchFolders                                           90,0          90          90         0,0           1
Thesis:loadCalendarEvents                               10,0          10          10         0,0           1
Thesis:loadCardDeadlineInfoTree                         47,0          47          47         0,0           1
ViewRepository.init.ViewRepositoryClientImpl           199,0         199         199         0,0           1
ViewRepository.replaceOverridden                         0,2           0           3         0,7          21

Performance Statistics   2021-11-09 18:04:00 - 2021-11-09 18:05:00
Tag                                                  Avg(ms)         Min         Max     Std Dev       Count
Scheduling.processTasks                                 24,3          12         189        24,8          60

Performance Statistics   2021-11-09 18:05:00 - 2021-11-09 18:06:00
Tag                                                  Avg(ms)         Min         Max     Std Dev       Count
LoadClass                                                1,8           0          25         4,8          27
Messages.searchClasspath                                 0,0           0          32         0,4       37523
Messages.searchFiles                                     0,0           0          17         0,1       37523
Messages.searchRemotely                                  0,4           0          31         1,6        2314
Scheduling.processTasks                                 27,2          10          87        20,4          60

Performance Statistics   2021-11-09 18:06:00 - 2021-11-09 18:07:00
Tag                                                  Avg(ms)         Min         Max     Std Dev       Count
AppFolders                                              32,5          26          39         6,5           2
CardBrowserDataSource.loadCardActorsInfo                42,0          37          47         5,0           2
LoadClass                                                1,9           0          24         6,2          14
Messages.searchClasspath                                 0,0           0          18         0,2       64063
Messages.searchFiles                                     0,0           0           7         0,0       64062
Messages.searchRemotely                                  0,2           0          13         0,8        3986
Scheduling.processTasks                                 31,4           8         114        21,5          60

Performance Statistics   2021-11-09 18:07:00 - 2021-11-09 18:08:00
Tag                                                  Avg(ms)         Min         Max     Std Dev       Count
Scheduling.processTasks                                 53,2           7         372        71,4          60

Performance Statistics   2021-11-09 18:08:00 - 2021-11-09 18:09:00
Tag                                                  Avg(ms)         Min         Max     Std Dev       Count
Scheduling.processTasks                                 27,9           8         287        39,1          60

Performance Statistics   2021-11-09 18:09:00 - 2021-11-09 18:10:00
Tag                                                  Avg(ms)         Min         Max     Std Dev       Count
AppFolders                                              15,0          15          15         0,0           1
Scheduling.processTasks                                 35,1           6         428        60,7          60

Performance Statistics   2021-11-09 18:10:00 - 2021-11-09 18:11:00
Tag                                                  Avg(ms)         Min         Max     Std Dev       Count
Scheduling.processTasks                                 32,8          10         178        33,0          60

Performance Statistics   2021-11-09 18:12:00 - 2021-11-09 18:13:00
Tag                                                  Avg(ms)         Min         Max     Std Dev       Count
Messages.searchClasspath                                 0,3           0          16         1,8         144
Messages.searchFiles                                     0,3           0          49         4,1         144
Metadata.replaceExtendedMetaClasses                      3,0           3           3         0,0           1

Performance Statistics   2021-11-09 18:13:00 - 2021-11-09 18:14:00
Tag                                                  Avg(ms)         Min         Max     Std Dev       Count
AppFolders                                            4671,0        4671        4671         0,0           1
LoadClass                                                0,1           0          18         0,6        3189
Messages.searchClasspath                                 0,1           0          37         0,8        9978
Messages.searchFiles                                     0,0           0          15         0,2        9978
Messages.searchRemotely                                  1,7           0         482        20,1         576
Metadata.replaceExtendedMetaClasses                      2,7           2           3         0,5           3
Scheduling.processTasks                                 91,4          12         504        91,2          37
Thesis:loadCalendarEvents                               16,0          16          16         0,0           1
Thesis:loadCardDeadlineInfoTree                         30,0          30          30         0,0           1
ViewRepository.init.ExtViewRepositoryImpl              113,0         113         113         0,0           1
ViewRepository.init.ViewRepositoryClientImpl           102,0         102         102         0,0           1
ViewRepository.replaceOverridden                         0,2           0           6         0,9          42
WebJARs                                                 14,0          14          14         0,0           1

Performance Statistics   2021-11-09 18:14:00 - 2021-11-09 18:15:00
Tag                                                  Avg(ms)         Min         Max     Std Dev       Count
LoadClass                                                1,6           0          12         2,8          18
Messages.searchClasspath                                 0,0           0          26         0,4        9287
Messages.searchFiles                                     0,0           0          34         0,4        9287
Messages.searchRemotely                                  0,5           0          34         2,1         586
Scheduling.processTasks                                 40,5           9         275        51,9          60
SearchFolders                                           37,0          37          37         0,0           1

Performance Statistics   2021-11-09 18:15:00 - 2021-11-09 18:16:00
Tag                                                  Avg(ms)         Min         Max     Std Dev       Count
LoadClass                                                0,1           0           3         0,6          28
Messages.searchClasspath                                 0,0           0          43         0,4       44107
Messages.searchFiles                                     0,0           0          16         0,1       44107
Messages.searchRemotely                                  0,3           0          34         1,3        2740
Scheduling.processTasks                                 27,9           7         247        32,6          60

Performance Statistics   2021-11-09 18:16:00 - 2021-11-09 18:17:00
Tag                                                  Avg(ms)         Min         Max     Std Dev       Count
AppFolders                                              50,5          32          69        18,5           2
LoadClass                                                0,0           0           1         0,1          44
Messages.searchClasspath                                 0,0           0           1         0,1         260
Messages.searchFiles                                     0,0           0           0         0,0         260
Messages.searchRemotely                                  0,1           0           1         0,2          16
Scheduling.processTasks                                 27,6          11         128        22,9          60

Performance Statistics   2021-11-09 18:17:00 - 2021-11-09 18:18:00
Tag                                                  Avg(ms)         Min         Max     Std Dev       Count
AppFolders                                              12,0          12          12         0,0           1
Scheduling.processTasks                                 23,2           8          85        18,5          60

Performance Statistics   2021-11-09 18:18:00 - 2021-11-09 18:19:00
Tag                                                  Avg(ms)         Min         Max     Std Dev       Count
Scheduling.processTasks                                 22,9           6         264        32,9          60

Performance Statistics   2021-11-09 18:19:00 - 2021-11-09 18:20:00
Tag                                                  Avg(ms)         Min         Max     Std Dev       Count
CardBrowserDataSource.loadCardActorsInfo                44,0          44          44         0,0           1
LoadClass                                               15,2           0         210        54,0          14
Messages.searchClasspath                                 0,0           0          17         0,2       52185
Messages.searchFiles                                     0,0           0          12         0,1       52185
Messages.searchRemotely                                  0,2           0          22         0,8        3246
Scheduling.processTasks                                 24,5          10         201        29,2          60

Performance Statistics   2021-11-09 18:20:00 - 2021-11-09 18:21:00
Tag                                                  Avg(ms)         Min         Max     Std Dev       Count
AppFolders                                              20,0          20          20         0,0           1
Scheduling.processTasks                                 24,5           6         139        24,1          60

Performance Statistics   2021-11-09 18:21:00 - 2021-11-09 18:22:00
Tag                                                  Avg(ms)         Min         Max     Std Dev       Count
Scheduling.processTasks                                 27,0           5         107        20,0          60

Performance Statistics   2021-11-09 18:22:00 - 2021-11-09 18:23:00
Tag                                                  Avg(ms)         Min         Max     Std Dev       Count
Scheduling.processTasks                                 19,4           8          87        15,1          60

Performance Statistics   2021-11-09 18:23:00 - 2021-11-09 18:24:00
Tag                                                  Avg(ms)         Min         Max     Std Dev       Count
AppFolders                                              15,0          15          15         0,0           1
Scheduling.processTasks                                 17,9           5         158        20,8          60

Performance Statistics   2021-11-09 18:24:00 - 2021-11-09 18:25:00
Tag                                                  Avg(ms)         Min         Max     Std Dev       Count
Scheduling.processTasks                                 22,3           4         128        22,6          60

Performance Statistics   2021-11-09 18:25:00 - 2021-11-09 18:26:00
Tag                                                  Avg(ms)         Min         Max     Std Dev       Count
Scheduling.processTasks                                 62,3           7         275        71,3          60

Performance Statistics   2021-11-09 18:26:00 - 2021-11-09 18:27:00
Tag                                                  Avg(ms)         Min         Max     Std Dev       Count
AppFolders                                             247,0         247         247         0,0           1
Scheduling.processTasks                                 43,4           5         322        54,0          60

Performance Statistics   2021-11-09 18:27:00 - 2021-11-09 18:28:00
Tag                                                  Avg(ms)         Min         Max     Std Dev       Count
Scheduling.processTasks                                 20,0          10          69        13,3          60

Performance Statistics   2021-11-09 18:28:00 - 2021-11-09 18:29:00
Tag                                                  Avg(ms)         Min         Max     Std Dev       Count
Scheduling.processTasks                                 56,9           6         396        80,0          60

Performance Statistics   2021-11-09 18:29:00 - 2021-11-09 18:30:00
Tag                                                  Avg(ms)         Min         Max     Std Dev       Count
AppFolders                                               9,0           9           9         0,0           1
Scheduling.processTasks                                 39,4           6         421        60,5          60

Performance Statistics   2021-11-09 18:37:00 - 2021-11-09 18:38:00
Tag                                                  Avg(ms)         Min         Max     Std Dev       Count
Messages.searchClasspath                                 0,1           0           8         0,7         297
Messages.searchFiles                                     0,1           0          34         2,0         297
Metadata.replaceExtendedMetaClasses                      2,0           2           2         0,0           2
Scheduling.processTasks                                 89,9          50         221        51,4           9
ViewRepository.init.ExtViewRepositoryImpl               98,0          98          98         0,0           1
ViewRepository.replaceOverridden                         0,0           0           0         0,0          21

Performance Statistics   2021-11-09 18:38:00 - 2021-11-09 18:39:00
Tag                                                  Avg(ms)         Min         Max     Std Dev       Count
AppFolders                                            4409,0        4409        4409         0,0           1
CardBrowserDataSource.loadCardActorsInfo                64,0          64          64         0,0           1
LoadClass                                                0,1           0          24         0,6        3203
Messages.searchClasspath                                 0,0           0         223         1,4       89892
Messages.searchFiles                                     0,0           0          17         0,1       89892
Messages.searchRemotely                                  0,4           0         219         4,3        5580
Metadata.replaceExtendedMetaClasses                      2,5           2           3         0,5           2
Scheduling.processTasks                                 96,0          17         706       133,5          60
SearchFolders                                           43,0          43          43         0,0           1
Thesis:loadCalendarEvents                                4,0           4           4         0,0           1
Thesis:loadCardDeadlineInfoTree                         27,0          27          27         0,0           1
ViewRepository.init.ViewRepositoryClientImpl           126,0         126         126         0,0           1
ViewRepository.replaceOverridden                         0,0           0           0         0,0          21
WebJARs                                                 15,0          15          15         0,0           1

Performance Statistics   2021-11-09 18:41:00 - 2021-11-09 18:42:00
Tag                                                  Avg(ms)         Min         Max     Std Dev       Count
Messages.searchClasspath                                 0,4           0          46         3,0         284
Messages.searchFiles                                     0,8           0         221        13,1         284
Metadata.replaceExtendedMetaClasses                      6,0           5           7         1,0           2

Performance Statistics   2021-11-09 18:42:00 - 2021-11-09 18:43:00
Tag                                                  Avg(ms)         Min         Max     Std Dev       Count
LoadClass                                                0,3           0           3         0,7          19
Messages.searchClasspath                                 0,8           0         167         7,5        1653
Messages.searchFiles                                     0,0           0          11         0,3        1653
Messages.searchRemotely                                 28,6           0        1575       173,0          83
Metadata.replaceExtendedMetaClasses                      2,5           2           3         0,5           2
Scheduling.processTasks                                131,1          16         927       137,5          63
ViewRepository.init.ExtViewRepositoryImpl              134,0         134         134         0,0           1
ViewRepository.replaceOverridden                         0,0           0           1         0,2          21
WebJARs                                                 14,0          14          14         0,0           1

Performance Statistics   2021-11-09 18:43:00 - 2021-11-09 18:44:00
Tag                                                  Avg(ms)         Min         Max     Std Dev       Count
AppFolders                                            4484,0        4484        4484         0,0           1
CardBrowserDataSource.loadCardActorsInfo               101,0         101         101         0,0           1
LoadClass                                                0,1           0          24         0,7        3184
Messages.searchClasspath                                 0,0           0          32         0,3       88442
Messages.searchFiles                                     0,0           0          28         0,1       88443
Messages.searchRemotely                                  0,4           0          37         1,5        5517
Scheduling.processTasks                                 48,2          14         334        53,0          60
SearchFolders                                           31,0          31          31         0,0           1
Thesis:loadCalendarEvents                                5,0           5           5         0,0           1
Thesis:loadCardDeadlineInfoTree                         22,0          22          22         0,0           1
ViewRepository.init.ViewRepositoryClientImpl           104,0         104         104         0,0           1
ViewRepository.replaceOverridden                         0,1           0           2         0,4          21

Performance Statistics   2021-11-09 18:47:00 - 2021-11-09 18:48:00
Tag                                                  Avg(ms)         Min         Max     Std Dev       Count
Messages.searchClasspath                                 0,1           0           9         0,7         284
Messages.searchFiles                                     0,1           0          34         2,0         284
Metadata.replaceExtendedMetaClasses                      2,0           2           2         0,0           1

Performance Statistics   2021-11-09 18:48:00 - 2021-11-09 18:49:00
Tag                                                  Avg(ms)         Min         Max     Std Dev       Count
LoadClass                                                0,2           0           1         0,4          18
Messages.searchClasspath                                 0,6           0          64         4,0         434
Messages.searchFiles                                     0,0           0           2         0,1         434
Metadata.replaceExtendedMetaClasses                      2,3           2           3         0,5           3
Scheduling.processTasks                                 65,0          12         764        99,8          60
ViewRepository.init.ExtViewRepositoryImpl              105,0         105         105         0,0           1
ViewRepository.replaceOverridden                         0,0           0           0         0,0          21
WebJARs                                                 16,0          16          16         0,0           1

Performance Statistics   2021-11-09 18:49:00 - 2021-11-09 18:50:00
Tag                                                  Avg(ms)         Min         Max     Std Dev       Count
LoadClass                                                0,1           0           9         0,5        2033
Messages.searchClasspath                                 0,1           0          60         1,1        9410
Messages.searchFiles                                     0,0           0           6         0,1        9410
Messages.searchRemotely                                  1,0           0          23         2,3         576
Scheduling.processTasks                                 51,6          11         236        51,9          60
Thesis:loadCalendarEvents                                3,0           3           3         0,0           1
Thesis:loadCardDeadlineInfoTree                         23,0          23          23         0,0           1
ViewRepository.init.ViewRepositoryClientImpl           162,0         162         162         0,0           1
ViewRepository.replaceOverridden                         0,3           0           5         1,1          21

Performance Statistics   2021-11-09 20:18:00 - 2021-11-09 20:19:00
Tag                                                  Avg(ms)         Min         Max     Std Dev       Count
LoadClass                                                0,2           0           1         0,4          18
Messages.searchClasspath                                 0,1           0          14         0,9         666
Messages.searchFiles                                     0,1           0          35         1,4         666
Metadata.replaceExtendedMetaClasses                      2,5           2           3         0,5           4
Scheduling.processTasks                                145,7          24         451       113,9          25
ViewRepository.init.ExtViewRepositoryImpl               93,0          93          93         0,0           1
ViewRepository.replaceOverridden                         0,0           0           0         0,0          21
WebJARs                                                 23,0          23          23         0,0           1

Performance Statistics   2021-11-09 20:19:00 - 2021-11-09 20:20:00
Tag                                                  Avg(ms)         Min         Max     Std Dev       Count
LoadClass                                                6,0           6           6         0,0           1
Messages.searchClasspath                                 0,3           0         100         4,3        1147
Messages.searchFiles                                     0,0           0           0         0,0        1147
Messages.searchRemotely                                  1,5           0          11         2,0          67
Scheduling.processTasks                                 76,8          13         470        81,2          60

Performance Statistics   2021-11-09 20:20:00 - 2021-11-09 20:21:00
Tag                                                  Avg(ms)         Min         Max     Std Dev       Count
AppFolders                                            4699,0        4699        4699         0,0           1
CardBrowserDataSource.loadCardActorsInfo                51,0          51          51         0,0           1
LoadClass                                                0,1           0          27         0,8        3211
Messages.searchClasspath                                 0,0           0          25         0,3      113573
Messages.searchFiles                                     0,0           0          31         0,1      113573
Messages.searchRemotely                                  0,3           0          31         1,2        7062
Scheduling.processTasks                                 51,1          11         251        53,0          60
SearchFolders                                           95,0          95          95         0,0           1
Thesis:loadCalendarEvents                               19,0          19          19         0,0           1
Thesis:loadCardDeadlineInfoTree                         24,0          24          24         0,0           1
ViewRepository.init.ViewRepositoryClientImpl           137,0         137         137         0,0           1
ViewRepository.replaceOverridden                         0,0           0           0         0,0          21

Performance Statistics   2021-11-09 20:21:00 - 2021-11-09 20:22:00
Tag                                                  Avg(ms)         Min         Max     Std Dev       Count
Scheduling.processTasks                                 65,0          16         325        55,2          60

